TpTrace Verbose: 0 : 13944, 1, 2026/02/11, 16:59:30.825, 3334127012355, vstest.console.dll, Version: 17.12.0-release-24508-01 Current process architecture: X64
TpTrace Verbose: 0 : 13944, 1, 2026/02/11, 16:59:30.831, 3334127066613, vstest.console.dll, Runtime location: C:\Program Files\dotnet\shared\Microsoft.NETCore.App\9.0.0
TpTrace Verbose: 0 : 13944, 1, 2026/02/11, 16:59:30.837, 3334127130636, vstest.console.dll, ArtifactProcessingPostProcessModeProcessorExecutor.Initialize: ArtifactProcessingMode.Collect
TpTrace Verbose: 0 : 13944, 1, 2026/02/11, 16:59:30.837, 3334127132503, vstest.console.dll, TestSessionCorrelationIdProcessorModeProcessorExecutor.Initialize: TestSessionCorrelationId '13080_10824fa3-aabd-4f9e-8072-22c3658205f0'
TpTrace Information: 0 : 13944, 1, 2026/02/11, 16:59:30.849, 3334127254072, vstest.console.dll, FilePatternParser: The given file C:\Users\TOSHIBA\source\repos\FrontEndAutomation\5.Workshop-CI-System-with-Selenium-Appium-Tests-I-Resources\2-SeleniumWebDriver\TestProject3\bin\Debug\net6.0\fine-code-coverage\build-output\TestProject3.dll is a full path.
TpTrace Verbose: 0 : 13944, 1, 2026/02/11, 16:59:30.864, 3334127398425, vstest.console.dll, TestPluginCache.DiscoverTestExtensions: finding test extensions in assemblies ends with: RuntimeProvider.dll TPluginInfo: Microsoft.VisualStudio.TestPlatform.Common.ExtensionFramework.Utilities.TestRuntimePluginInformation TExtension: Microsoft.VisualStudio.TestPlatform.ObjectModel.Host.ITestRuntimeProvider
TpTrace Verbose: 0 : 13944, 1, 2026/02/11, 16:59:30.864, 3334127402651, vstest.console.dll, TestPluginCache.GetExtensionPaths: Filtered extension paths: 
TpTrace Verbose: 0 : 13944, 1, 2026/02/11, 16:59:30.864, 3334127403644, vstest.console.dll, TestPluginCache.GetExtensionPaths: Added default extension paths: C:\Program Files\dotnet\sdk\9.0.100\Extensions\Microsoft.Diagnostics.NETCore.Client.dll
C:\Program Files\dotnet\sdk\9.0.100\Extensions\Microsoft.TestPlatform.Extensions.BlameDataCollector.dll
C:\Program Files\dotnet\sdk\9.0.100\Extensions\Microsoft.TestPlatform.Extensions.EventLogCollector.dll
C:\Program Files\dotnet\sdk\9.0.100\Extensions\Microsoft.TestPlatform.TestHostRuntimeProvider.dll
C:\Program Files\dotnet\sdk\9.0.100\Extensions\Microsoft.VisualStudio.TestPlatform.Extensions.Html.TestLogger.dll
C:\Program Files\dotnet\sdk\9.0.100\Extensions\Microsoft.VisualStudio.TestPlatform.Extensions.Trx.TestLogger.dll
TpTrace Verbose: 0 : 13944, 1, 2026/02/11, 16:59:30.864, 3334127404176, vstest.console.dll, TestPluginCache.GetExtensionPaths: Added unfilterableExtensionPaths: 
TpTrace Information: 0 : 13944, 1, 2026/02/11, 16:59:30.865, 3334127413468, vstest.console.dll, AssemblyResolver.ctor: Creating AssemblyResolver with searchDirectories C:\Program Files\dotnet\sdk\9.0.100\Extensions,C:\Program Files\dotnet\sdk\9.0.100
TpTrace Verbose: 0 : 13944, 1, 2026/02/11, 16:59:30.868, 3334127441082, vstest.console.dll, TestPluginCache.DiscoverTestExtensions: Discovering the extensions using extension path.
TpTrace Verbose: 0 : 13944, 1, 2026/02/11, 16:59:30.868, 3334127443212, vstest.console.dll, TestPluginCache.GetExtensionPaths: Filtered extension paths: 
TpTrace Verbose: 0 : 13944, 1, 2026/02/11, 16:59:30.868, 3334127443806, vstest.console.dll, TestPluginCache.GetExtensionPaths: Added default extension paths: C:\Program Files\dotnet\sdk\9.0.100\Extensions\Microsoft.Diagnostics.NETCore.Client.dll
C:\Program Files\dotnet\sdk\9.0.100\Extensions\Microsoft.TestPlatform.Extensions.BlameDataCollector.dll
C:\Program Files\dotnet\sdk\9.0.100\Extensions\Microsoft.TestPlatform.Extensions.EventLogCollector.dll
C:\Program Files\dotnet\sdk\9.0.100\Extensions\Microsoft.TestPlatform.TestHostRuntimeProvider.dll
C:\Program Files\dotnet\sdk\9.0.100\Extensions\Microsoft.VisualStudio.TestPlatform.Extensions.Html.TestLogger.dll
C:\Program Files\dotnet\sdk\9.0.100\Extensions\Microsoft.VisualStudio.TestPlatform.Extensions.Trx.TestLogger.dll
TpTrace Verbose: 0 : 13944, 1, 2026/02/11, 16:59:30.868, 3334127444250, vstest.console.dll, TestPluginCache.GetExtensionPaths: Added unfilterableExtensionPaths: 
TpTrace Verbose: 0 : 13944, 1, 2026/02/11, 16:59:30.869, 3334127445822, vstest.console.dll, TestPluginCache.DiscoverTestExtensions: Discovering the extensions using allExtensionPaths: C:\Program Files\dotnet\sdk\9.0.100\Extensions\Microsoft.Diagnostics.NETCore.Client.dll
C:\Program Files\dotnet\sdk\9.0.100\Extensions\Microsoft.TestPlatform.Extensions.BlameDataCollector.dll
C:\Program Files\dotnet\sdk\9.0.100\Extensions\Microsoft.TestPlatform.Extensions.EventLogCollector.dll
C:\Program Files\dotnet\sdk\9.0.100\Extensions\Microsoft.TestPlatform.TestHostRuntimeProvider.dll
C:\Program Files\dotnet\sdk\9.0.100\Extensions\Microsoft.VisualStudio.TestPlatform.Extensions.Html.TestLogger.dll
C:\Program Files\dotnet\sdk\9.0.100\Extensions\Microsoft.VisualStudio.TestPlatform.Extensions.Trx.TestLogger.dll
TpTrace Information: 0 : 13944, 1, 2026/02/11, 16:59:30.869, 3334127447284, vstest.console.dll, AssemblyResolver.AddSearchDirectories: Adding more searchDirectories C:\Program Files\dotnet\sdk\9.0.100\Extensions,C:\Program Files\dotnet\sdk\9.0.100
TpTrace Information: 0 : 13944, 1, 2026/02/11, 16:59:30.869, 3334127448425, vstest.console.dll, AssemblyResolver.AddSearchDirectories: Adding more searchDirectories C:\Program Files\dotnet\sdk\9.0.100\Extensions,C:\Program Files\dotnet\sdk\9.0.100
TpTrace Information: 0 : 13944, 1, 2026/02/11, 16:59:30.869, 3334127448947, vstest.console.dll, AssemblyResolver.AddSearchDirectories: Adding more searchDirectories C:\Program Files\dotnet\sdk\9.0.100\Extensions,C:\Program Files\dotnet\sdk\9.0.100
TpTrace Information: 0 : 13944, 1, 2026/02/11, 16:59:30.869, 3334127449324, vstest.console.dll, AssemblyResolver.AddSearchDirectories: Adding more searchDirectories C:\Program Files\dotnet\sdk\9.0.100\Extensions,C:\Program Files\dotnet\sdk\9.0.100
TpTrace Information: 0 : 13944, 1, 2026/02/11, 16:59:30.869, 3334127449764, vstest.console.dll, AssemblyResolver.AddSearchDirectories: Adding more searchDirectories C:\Program Files\dotnet\sdk\9.0.100\Extensions,C:\Program Files\dotnet\sdk\9.0.100
TpTrace Information: 0 : 13944, 1, 2026/02/11, 16:59:30.869, 3334127450119, vstest.console.dll, AssemblyResolver.AddSearchDirectories: Adding more searchDirectories C:\Program Files\dotnet\sdk\9.0.100\Extensions,C:\Program Files\dotnet\sdk\9.0.100
TpTrace Information: 0 : 13944, 1, 2026/02/11, 16:59:30.870, 3334127455812, vstest.console.dll, AssemblyResolver.OnResolve: Microsoft.Diagnostics.NETCore.Client: Resolving assembly.
TpTrace Information: 0 : 13944, 1, 2026/02/11, 16:59:30.870, 3334127456808, vstest.console.dll, AssemblyResolver.OnResolve: Microsoft.Diagnostics.NETCore.Client: Searching in: 'C:\Program Files\dotnet\sdk\9.0.100\Extensions'.
TpTrace Information: 0 : 13944, 1, 2026/02/11, 16:59:30.903, 3334127794506, vstest.console.dll, AssemblyResolver.OnResolve: Microsoft.Diagnostics.NETCore.Client: Loading assembly 'C:\Program Files\dotnet\sdk\9.0.100\Extensions\Microsoft.Diagnostics.NETCore.Client.dll'.
TpTrace Information: 0 : 13944, 1, 2026/02/11, 16:59:30.906, 3334127822046, vstest.console.dll, AssemblyResolver.OnResolve: Resolved assembly: Microsoft.Diagnostics.NETCore.Client, from path: C:\Program Files\dotnet\sdk\9.0.100\Extensions\Microsoft.Diagnostics.NETCore.Client.dll
TpTrace Verbose: 0 : 13944, 1, 2026/02/11, 16:59:30.908, 3334127840125, vstest.console.dll, MetadataReaderExtensionsHelper: Discovering extensions inside assembly 'Microsoft.Diagnostics.NETCore.Client, Version=0.2.10.41601, Culture=neutral, PublicKeyToken=31bf3856ad364e35' file path 'C:\Program Files\dotnet\sdk\9.0.100\Extensions\Microsoft.Diagnostics.NETCore.Client.dll'
TpTrace Information: 0 : 13944, 1, 2026/02/11, 16:59:30.916, 3334127917950, vstest.console.dll, AssemblyResolver.OnResolve: Microsoft.Bcl.AsyncInterfaces: Resolving assembly.
TpTrace Information: 0 : 13944, 1, 2026/02/11, 16:59:30.916, 3334127919392, vstest.console.dll, AssemblyResolver.OnResolve: Microsoft.Bcl.AsyncInterfaces: Searching in: 'C:\Program Files\dotnet\sdk\9.0.100\Extensions'.
TpTrace Information: 0 : 13944, 1, 2026/02/11, 16:59:30.916, 3334127920636, vstest.console.dll, AssemblyResolver.OnResolve: Microsoft.Bcl.AsyncInterfaces: Assembly path does not exist: 'C:\Program Files\dotnet\sdk\9.0.100\Extensions\Microsoft.Bcl.AsyncInterfaces.dll', returning.
TpTrace Information: 0 : 13944, 1, 2026/02/11, 16:59:30.916, 3334127922201, vstest.console.dll, AssemblyResolver.OnResolve: Microsoft.Bcl.AsyncInterfaces: Assembly path does not exist: 'C:\Program Files\dotnet\sdk\9.0.100\Extensions\Microsoft.Bcl.AsyncInterfaces.exe', returning.
TpTrace Information: 0 : 13944, 1, 2026/02/11, 16:59:30.916, 3334127922640, vstest.console.dll, AssemblyResolver.OnResolve: Microsoft.Bcl.AsyncInterfaces: Searching in: 'C:\Program Files\dotnet\sdk\9.0.100'.
TpTrace Information: 0 : 13944, 1, 2026/02/11, 16:59:30.916, 3334127923374, vstest.console.dll, AssemblyResolver.OnResolve: Microsoft.Bcl.AsyncInterfaces: Assembly path does not exist: 'C:\Program Files\dotnet\sdk\9.0.100\Microsoft.Bcl.AsyncInterfaces.dll', returning.
TpTrace Information: 0 : 13944, 1, 2026/02/11, 16:59:30.916, 3334127924206, vstest.console.dll, AssemblyResolver.OnResolve: Microsoft.Bcl.AsyncInterfaces: Assembly path does not exist: 'C:\Program Files\dotnet\sdk\9.0.100\Microsoft.Bcl.AsyncInterfaces.exe', returning.
TpTrace Information: 0 : 13944, 1, 2026/02/11, 16:59:30.916, 3334127924651, vstest.console.dll, AssemblyResolver.OnResolve: Microsoft.Bcl.AsyncInterfaces: Failed to load assembly.
TpTrace Verbose: 0 : 13944, 1, 2026/02/11, 16:59:30.916, 3334127925123, vstest.console.dll, CurrentDomainAssemblyResolve: Resolving assembly 'Microsoft.Bcl.AsyncInterfaces'.
TpTrace Information: 0 : 13944, 1, 2026/02/11, 16:59:30.917, 3334127925868, vstest.console.dll, AssemblyResolver.OnResolve: Microsoft.Bcl.AsyncInterfaces: Resolving assembly.
TpTrace Information: 0 : 13944, 1, 2026/02/11, 16:59:30.917, 3334127926357, vstest.console.dll, AssemblyResolver.OnResolve: Microsoft.Bcl.AsyncInterfaces: Resolved from cache.
TpTrace Verbose: 0 : 13944, 1, 2026/02/11, 16:59:30.917, 3334127926784, vstest.console.dll, CurrentDomainAssemblyResolve: Resolving assembly 'Microsoft.Bcl.AsyncInterfaces'.
TpTrace Verbose: 0 : 13944, 1, 2026/02/11, 16:59:30.917, 3334127927250, vstest.console.dll, CurrentDomainAssemblyResolve: Failed to resolve assembly 'Microsoft.Bcl.AsyncInterfaces'.
TpTrace Verbose: 0 : 13944, 1, 2026/02/11, 16:59:30.926, 3334128020023, vstest.console.dll, CurrentDomainAssemblyResolve: Failed to resolve assembly 'Microsoft.Bcl.AsyncInterfaces'.
TpTrace Warning: 0 : 13944, 1, 2026/02/11, 16:59:30.956, 3334128322000, vstest.console.dll, TestPluginDiscoverer: Failed to get types from assembly 'Microsoft.Diagnostics.NETCore.Client, Version=0.2.10.41601, Culture=neutral, PublicKeyToken=31bf3856ad364e35'. Error: System.Reflection.ReflectionTypeLoadException: Unable to load one or more of the requested types.
Could not load file or assembly 'Microsoft.Bcl.AsyncInterfaces, Version=6.0.0.0, Culture=neutral, PublicKeyToken=cc7b13ffcd2ddd51'. The system cannot find the file specified.
   at System.Reflection.RuntimeModule.GetDefinedTypes()
   at System.Reflection.RuntimeModule.GetTypes()
   at Microsoft.VisualStudio.TestPlatform.Common.ExtensionFramework.TestPluginDiscoverer.GetTestExtensionsFromAssembly[TPluginInfo,TExtension](Assembly assembly, Dictionary`2 pluginInfos, String filePath) in /_/src/Microsoft.TestPlatform.Common/ExtensionFramework/TestPluginDiscoverer.cs:line 159
System.IO.FileNotFoundException: Could not load file or assembly 'Microsoft.Bcl.AsyncInterfaces, Version=6.0.0.0, Culture=neutral, PublicKeyToken=cc7b13ffcd2ddd51'. The system cannot find the file specified.
File name: 'Microsoft.Bcl.AsyncInterfaces, Version=6.0.0.0, Culture=neutral, PublicKeyToken=cc7b13ffcd2ddd51'
 ---> System.IO.FileNotFoundException: Could not load file or assembly 'Microsoft.Bcl.AsyncInterfaces, Culture=neutral, PublicKeyToken=null'. The system cannot find the file specified.
File name: 'Microsoft.Bcl.AsyncInterfaces, Culture=neutral, PublicKeyToken=null'
   at System.Reflection.RuntimeAssembly.InternalLoad(AssemblyName assemblyName, StackCrawlMark& stackMark, AssemblyLoadContext assemblyLoadContext, RuntimeAssembly requestingAssembly, Boolean throwOnFileNotFound)
   at System.Reflection.Assembly.Load(AssemblyName assemblyRef)
   at Microsoft.VisualStudio.TestPlatform.Common.ExtensionFramework.TestPluginCache.CurrentDomainAssemblyResolve(Object sender, AssemblyResolveEventArgs args) in /_/src/Microsoft.TestPlatform.Common/ExtensionFramework/TestPluginCache.cs:line 514
   at System.Runtime.Loader.AssemblyLoadContext.GetFirstResolvedAssemblyFromResolvingEvent(AssemblyName assemblyName)
   at System.Runtime.Loader.AssemblyLoadContext.ResolveUsingEvent(AssemblyName assemblyName)
   at System.Runtime.Loader.AssemblyLoadContext.ResolveUsingResolvingEvent(IntPtr gchManagedAssemblyLoadContext, AssemblyName assemblyName)
TpTrace Warning: 0 : 13944, 1, 2026/02/11, 16:59:30.957, 3334128326431, vstest.console.dll, LoaderExceptions: System.IO.FileNotFoundException: Could not load file or assembly 'Microsoft.Bcl.AsyncInterfaces, Version=6.0.0.0, Culture=neutral, PublicKeyToken=cc7b13ffcd2ddd51'. The system cannot find the file specified.
File name: 'Microsoft.Bcl.AsyncInterfaces, Version=6.0.0.0, Culture=neutral, PublicKeyToken=cc7b13ffcd2ddd51'
 ---> System.IO.FileNotFoundException: Could not load file or assembly 'Microsoft.Bcl.AsyncInterfaces, Culture=neutral, PublicKeyToken=null'. The system cannot find the file specified.
File name: 'Microsoft.Bcl.AsyncInterfaces, Culture=neutral, PublicKeyToken=null'
   at System.Reflection.RuntimeAssembly.InternalLoad(AssemblyName assemblyName, StackCrawlMark& stackMark, AssemblyLoadContext assemblyLoadContext, RuntimeAssembly requestingAssembly, Boolean throwOnFileNotFound)
   at System.Reflection.Assembly.Load(AssemblyName assemblyRef)
   at Microsoft.VisualStudio.TestPlatform.Common.ExtensionFramework.TestPluginCache.CurrentDomainAssemblyResolve(Object sender, AssemblyResolveEventArgs args) in /_/src/Microsoft.TestPlatform.Common/ExtensionFramework/TestPluginCache.cs:line 514
   at System.Runtime.Loader.AssemblyLoadContext.GetFirstResolvedAssemblyFromResolvingEvent(AssemblyName assemblyName)
   at System.Runtime.Loader.AssemblyLoadContext.ResolveUsingEvent(AssemblyName assemblyName)
   at System.Runtime.Loader.AssemblyLoadContext.ResolveUsingResolvingEvent(IntPtr gchManagedAssemblyLoadContext, AssemblyName assemblyName)
TpTrace Information: 0 : 13944, 1, 2026/02/11, 16:59:30.957, 3334128328222, vstest.console.dll, AssemblyResolver.OnResolve: Microsoft.TestPlatform.Extensions.BlameDataCollector: Resolving assembly.
TpTrace Information: 0 : 13944, 1, 2026/02/11, 16:59:30.957, 3334128329065, vstest.console.dll, AssemblyResolver.OnResolve: Microsoft.TestPlatform.Extensions.BlameDataCollector: Searching in: 'C:\Program Files\dotnet\sdk\9.0.100\Extensions'.
TpTrace Information: 0 : 13944, 1, 2026/02/11, 16:59:30.959, 3334128345800, vstest.console.dll, AssemblyResolver.OnResolve: Microsoft.TestPlatform.Extensions.BlameDataCollector: Loading assembly 'C:\Program Files\dotnet\sdk\9.0.100\Extensions\Microsoft.TestPlatform.Extensions.BlameDataCollector.dll'.
TpTrace Information: 0 : 13944, 1, 2026/02/11, 16:59:30.960, 3334128362137, vstest.console.dll, AssemblyResolver.OnResolve: Resolved assembly: Microsoft.TestPlatform.Extensions.BlameDataCollector, from path: C:\Program Files\dotnet\sdk\9.0.100\Extensions\Microsoft.TestPlatform.Extensions.BlameDataCollector.dll
TpTrace Verbose: 0 : 13944, 1, 2026/02/11, 16:59:30.960, 3334128363552, vstest.console.dll, MetadataReaderExtensionsHelper: Discovering extensions inside assembly 'Microsoft.TestPlatform.Extensions.BlameDataCollector, Version=15.0.0.0, Culture=neutral, PublicKeyToken=b03f5f7f11d50a3a' file path 'C:\Program Files\dotnet\sdk\9.0.100\Extensions\Microsoft.TestPlatform.Extensions.BlameDataCollector.dll'
TpTrace Information: 0 : 13944, 1, 2026/02/11, 16:59:30.963, 3334128394735, vstest.console.dll, AssemblyResolver.OnResolve: Microsoft.TestPlatform.Extensions.EventLogCollector: Resolving assembly.
TpTrace Information: 0 : 13944, 1, 2026/02/11, 16:59:30.964, 3334128396744, vstest.console.dll, AssemblyResolver.OnResolve: Microsoft.TestPlatform.Extensions.EventLogCollector: Searching in: 'C:\Program Files\dotnet\sdk\9.0.100\Extensions'.
TpTrace Information: 0 : 13944, 1, 2026/02/11, 16:59:30.965, 3334128409836, vstest.console.dll, AssemblyResolver.OnResolve: Microsoft.TestPlatform.Extensions.EventLogCollector: Loading assembly 'C:\Program Files\dotnet\sdk\9.0.100\Extensions\Microsoft.TestPlatform.Extensions.EventLogCollector.dll'.
TpTrace Information: 0 : 13944, 1, 2026/02/11, 16:59:30.966, 3334128416973, vstest.console.dll, AssemblyResolver.OnResolve: Resolved assembly: Microsoft.TestPlatform.Extensions.EventLogCollector, from path: C:\Program Files\dotnet\sdk\9.0.100\Extensions\Microsoft.TestPlatform.Extensions.EventLogCollector.dll
TpTrace Verbose: 0 : 13944, 1, 2026/02/11, 16:59:30.966, 3334128417937, vstest.console.dll, MetadataReaderExtensionsHelper: Discovering extensions inside assembly 'Microsoft.TestPlatform.Extensions.EventLogCollector, Version=15.0.0.0, Culture=neutral, PublicKeyToken=b03f5f7f11d50a3a' file path 'C:\Program Files\dotnet\sdk\9.0.100\Extensions\Microsoft.TestPlatform.Extensions.EventLogCollector.dll'
TpTrace Information: 0 : 13944, 1, 2026/02/11, 16:59:30.970, 3334128459799, vstest.console.dll, AssemblyResolver.OnResolve: Microsoft.TestPlatform.TestHostRuntimeProvider: Resolving assembly.
TpTrace Information: 0 : 13944, 1, 2026/02/11, 16:59:30.970, 3334128461186, vstest.console.dll, AssemblyResolver.OnResolve: Microsoft.TestPlatform.TestHostRuntimeProvider: Searching in: 'C:\Program Files\dotnet\sdk\9.0.100\Extensions'.
TpTrace Information: 0 : 13944, 1, 2026/02/11, 16:59:30.971, 3334128470876, vstest.console.dll, AssemblyResolver.OnResolve: Microsoft.TestPlatform.TestHostRuntimeProvider: Loading assembly 'C:\Program Files\dotnet\sdk\9.0.100\Extensions\Microsoft.TestPlatform.TestHostRuntimeProvider.dll'.
TpTrace Information: 0 : 13944, 1, 2026/02/11, 16:59:30.973, 3334128487196, vstest.console.dll, AssemblyResolver.OnResolve: Resolved assembly: Microsoft.TestPlatform.TestHostRuntimeProvider, from path: C:\Program Files\dotnet\sdk\9.0.100\Extensions\Microsoft.TestPlatform.TestHostRuntimeProvider.dll
TpTrace Verbose: 0 : 13944, 1, 2026/02/11, 16:59:30.973, 3334128488663, vstest.console.dll, MetadataReaderExtensionsHelper: Discovering extensions inside assembly 'Microsoft.TestPlatform.TestHostRuntimeProvider, Version=15.0.0.0, Culture=neutral, PublicKeyToken=b03f5f7f11d50a3a' file path 'C:\Program Files\dotnet\sdk\9.0.100\Extensions\Microsoft.TestPlatform.TestHostRuntimeProvider.dll'
TpTrace Information: 0 : 13944, 1, 2026/02/11, 16:59:30.976, 3334128517105, vstest.console.dll, GetTestExtensionFromType: Register extension with identifier data 'HostProvider://DefaultTestHost' and type 'Microsoft.VisualStudio.TestPlatform.CrossPlatEngine.Hosting.DefaultTestHostManager, Microsoft.TestPlatform.TestHostRuntimeProvider, Version=15.0.0.0, Culture=neutral, PublicKeyToken=b03f5f7f11d50a3a' inside file 'C:\Program Files\dotnet\sdk\9.0.100\Extensions\Microsoft.TestPlatform.TestHostRuntimeProvider.dll'
TpTrace Information: 0 : 13944, 1, 2026/02/11, 16:59:30.976, 3334128520851, vstest.console.dll, GetTestExtensionFromType: Register extension with identifier data 'HostProvider://DotnetTestHost' and type 'Microsoft.VisualStudio.TestPlatform.CrossPlatEngine.Hosting.DotnetTestHostManager, Microsoft.TestPlatform.TestHostRuntimeProvider, Version=15.0.0.0, Culture=neutral, PublicKeyToken=b03f5f7f11d50a3a' inside file 'C:\Program Files\dotnet\sdk\9.0.100\Extensions\Microsoft.TestPlatform.TestHostRuntimeProvider.dll'
TpTrace Information: 0 : 13944, 1, 2026/02/11, 16:59:30.976, 3334128522046, vstest.console.dll, AssemblyResolver.OnResolve: Microsoft.VisualStudio.TestPlatform.Extensions.Html.TestLogger: Resolving assembly.
TpTrace Information: 0 : 13944, 1, 2026/02/11, 16:59:30.976, 3334128522742, vstest.console.dll, AssemblyResolver.OnResolve: Microsoft.VisualStudio.TestPlatform.Extensions.Html.TestLogger: Searching in: 'C:\Program Files\dotnet\sdk\9.0.100\Extensions'.
TpTrace Information: 0 : 13944, 1, 2026/02/11, 16:59:30.977, 3334128533236, vstest.console.dll, AssemblyResolver.OnResolve: Microsoft.VisualStudio.TestPlatform.Extensions.Html.TestLogger: Loading assembly 'C:\Program Files\dotnet\sdk\9.0.100\Extensions\Microsoft.VisualStudio.TestPlatform.Extensions.Html.TestLogger.dll'.
TpTrace Information: 0 : 13944, 1, 2026/02/11, 16:59:30.979, 3334128548562, vstest.console.dll, AssemblyResolver.OnResolve: Resolved assembly: Microsoft.VisualStudio.TestPlatform.Extensions.Html.TestLogger, from path: C:\Program Files\dotnet\sdk\9.0.100\Extensions\Microsoft.VisualStudio.TestPlatform.Extensions.Html.TestLogger.dll
TpTrace Verbose: 0 : 13944, 1, 2026/02/11, 16:59:30.979, 3334128549870, vstest.console.dll, MetadataReaderExtensionsHelper: Discovering extensions inside assembly 'Microsoft.VisualStudio.TestPlatform.Extensions.Html.TestLogger, Version=15.0.0.0, Culture=neutral, PublicKeyToken=b03f5f7f11d50a3a' file path 'C:\Program Files\dotnet\sdk\9.0.100\Extensions\Microsoft.VisualStudio.TestPlatform.Extensions.Html.TestLogger.dll'
TpTrace Information: 0 : 13944, 1, 2026/02/11, 16:59:30.980, 3334128564813, vstest.console.dll, AssemblyResolver.OnResolve: Microsoft.VisualStudio.TestPlatform.Extensions.Trx.TestLogger: Resolving assembly.
TpTrace Information: 0 : 13944, 1, 2026/02/11, 16:59:30.981, 3334128565931, vstest.console.dll, AssemblyResolver.OnResolve: Microsoft.VisualStudio.TestPlatform.Extensions.Trx.TestLogger: Searching in: 'C:\Program Files\dotnet\sdk\9.0.100\Extensions'.
TpTrace Information: 0 : 13944, 1, 2026/02/11, 16:59:30.982, 3334128581570, vstest.console.dll, AssemblyResolver.OnResolve: Microsoft.VisualStudio.TestPlatform.Extensions.Trx.TestLogger: Loading assembly 'C:\Program Files\dotnet\sdk\9.0.100\Extensions\Microsoft.VisualStudio.TestPlatform.Extensions.Trx.TestLogger.dll'.
TpTrace Information: 0 : 13944, 1, 2026/02/11, 16:59:30.984, 3334128601422, vstest.console.dll, AssemblyResolver.OnResolve: Resolved assembly: Microsoft.VisualStudio.TestPlatform.Extensions.Trx.TestLogger, from path: C:\Program Files\dotnet\sdk\9.0.100\Extensions\Microsoft.VisualStudio.TestPlatform.Extensions.Trx.TestLogger.dll
TpTrace Verbose: 0 : 13944, 1, 2026/02/11, 16:59:30.984, 3334128602783, vstest.console.dll, MetadataReaderExtensionsHelper: Discovering extensions inside assembly 'Microsoft.VisualStudio.TestPlatform.Extensions.Trx.TestLogger, Version=15.0.0.0, Culture=neutral, PublicKeyToken=b03f5f7f11d50a3a' file path 'C:\Program Files\dotnet\sdk\9.0.100\Extensions\Microsoft.VisualStudio.TestPlatform.Extensions.Trx.TestLogger.dll'
TpTrace Verbose: 0 : 13944, 1, 2026/02/11, 16:59:30.987, 3334128630038, vstest.console.dll, TestPluginCache: Discovered the extensions using extension path ''.
TpTrace Verbose: 0 : 13944, 1, 2026/02/11, 16:59:30.987, 3334128631127, vstest.console.dll, TestPluginCache: Discoverers are ''.
TpTrace Verbose: 0 : 13944, 1, 2026/02/11, 16:59:30.987, 3334128631654, vstest.console.dll, TestPluginCache: Executors are ''.
TpTrace Verbose: 0 : 13944, 1, 2026/02/11, 16:59:30.987, 3334128632057, vstest.console.dll, TestPluginCache: Executors2 are ''.
TpTrace Verbose: 0 : 13944, 1, 2026/02/11, 16:59:30.987, 3334128632413, vstest.console.dll, TestPluginCache: Setting providers are ''.
TpTrace Verbose: 0 : 13944, 1, 2026/02/11, 16:59:30.987, 3334128632763, vstest.console.dll, TestPluginCache: Loggers are ''.
TpTrace Verbose: 0 : 13944, 1, 2026/02/11, 16:59:30.987, 3334128634997, vstest.console.dll, TestPluginCache: TestHosts are 'HostProvider://DefaultTestHost,HostProvider://DotnetTestHost'.
TpTrace Verbose: 0 : 13944, 1, 2026/02/11, 16:59:30.988, 3334128635549, vstest.console.dll, TestPluginCache: DataCollectors are ''.
TpTrace Information: 0 : 13944, 1, 2026/02/11, 16:59:31.022, 3334128977714, vstest.console.dll, RunTestsArgumentProcessor:Execute: Test run is starting.
TpTrace Verbose: 0 : 13944, 1, 2026/02/11, 16:59:31.022, 3334128979033, vstest.console.dll, RunTestsArgumentProcessor:Execute: Queuing Test run.
TpTrace Information: 0 : 13944, 1, 2026/02/11, 16:59:31.023, 3334128985954, vstest.console.dll, TestRequestManager.RunTests: run tests started.
TpTrace Information: 0 : 13944, 1, 2026/02/11, 16:59:31.024, 3334129000910, vstest.console.dll, AssemblyMetadataProvider.GetFrameworkName: Determined framework:'.NETCoreApp,Version=v6.0' for source: 'C:\Users\TOSHIBA\source\repos\FrontEndAutomation\5.Workshop-CI-System-with-Selenium-Appium-Tests-I-Resources\2-SeleniumWebDriver\TestProject3\bin\Debug\net6.0\fine-code-coverage\build-output\TestProject3.dll'
TpTrace Information: 0 : 13944, 1, 2026/02/11, 16:59:31.024, 3334129003050, vstest.console.dll, Determined framework for all sources: .NETCoreApp,Version=v6.0
TpTrace Verbose: 0 : 13944, 1, 2026/02/11, 16:59:31.025, 3334129007180, vstest.console.dll, TestRequestManager.UpdateRunSettingsIfRequired: Default architecture: X64 IsDefaultTargetArchitecture: True, Current process architecture: X64 OperatingSystem: Windows.
TpTrace Information: 0 : 13944, 1, 2026/02/11, 16:59:31.027, 3334129025478, vstest.console.dll, AssemblyMetadataProvider.GetArchitecture: Determined architecture:AnyCPU info for assembly: C:\Users\TOSHIBA\source\repos\FrontEndAutomation\5.Workshop-CI-System-with-Selenium-Appium-Tests-I-Resources\2-SeleniumWebDriver\TestProject3\bin\Debug\net6.0\fine-code-coverage\build-output\TestProject3.dll
TpTrace Information: 0 : 13944, 1, 2026/02/11, 16:59:31.027, 3334129026331, vstest.console.dll, Determined platform for source 'C:\Users\TOSHIBA\source\repos\FrontEndAutomation\5.Workshop-CI-System-with-Selenium-Appium-Tests-I-Resources\2-SeleniumWebDriver\TestProject3\bin\Debug\net6.0\fine-code-coverage\build-output\TestProject3.dll' was AnyCPU and it will use the default plaform X64.
TpTrace Information: 0 : 13944, 1, 2026/02/11, 16:59:31.027, 3334129026698, vstest.console.dll, None of the sources provided any runnable platform, using the default platform: X64
TpTrace Information: 0 : 13944, 1, 2026/02/11, 16:59:31.027, 3334129027738, vstest.console.dll, Platform was updated to 'X64'.
TpTrace Information: 0 : 13944, 1, 2026/02/11, 16:59:31.034, 3334129100220, vstest.console.dll, InferRunSettingsHelper.IsTestSettingsEnabled: Unable to navigate to RunSettings/MSTest. Current node: RunSettings
TpTrace Information: 0 : 13944, 1, 2026/02/11, 16:59:31.035, 3334129107645, vstest.console.dll, AssemblyResolver.OnResolve: Microsoft.VisualStudio.TestPlatform.Fakes: Resolving assembly.
TpTrace Information: 0 : 13944, 1, 2026/02/11, 16:59:31.035, 3334129108756, vstest.console.dll, AssemblyResolver.OnResolve: Microsoft.VisualStudio.TestPlatform.Fakes: Searching in: 'C:\Program Files\dotnet\sdk\9.0.100\Extensions'.
TpTrace Information: 0 : 13944, 1, 2026/02/11, 16:59:31.035, 3334129109985, vstest.console.dll, AssemblyResolver.OnResolve: Microsoft.VisualStudio.TestPlatform.Fakes: Assembly path does not exist: 'C:\Program Files\dotnet\sdk\9.0.100\Extensions\Microsoft.VisualStudio.TestPlatform.Fakes.dll', returning.
TpTrace Information: 0 : 13944, 1, 2026/02/11, 16:59:31.035, 3334129110819, vstest.console.dll, AssemblyResolver.OnResolve: Microsoft.VisualStudio.TestPlatform.Fakes: Assembly path does not exist: 'C:\Program Files\dotnet\sdk\9.0.100\Extensions\Microsoft.VisualStudio.TestPlatform.Fakes.exe', returning.
TpTrace Information: 0 : 13944, 1, 2026/02/11, 16:59:31.035, 3334129111201, vstest.console.dll, AssemblyResolver.OnResolve: Microsoft.VisualStudio.TestPlatform.Fakes: Searching in: 'C:\Program Files\dotnet\sdk\9.0.100'.
TpTrace Information: 0 : 13944, 1, 2026/02/11, 16:59:31.035, 3334129111922, vstest.console.dll, AssemblyResolver.OnResolve: Microsoft.VisualStudio.TestPlatform.Fakes: Assembly path does not exist: 'C:\Program Files\dotnet\sdk\9.0.100\Microsoft.VisualStudio.TestPlatform.Fakes.dll', returning.
TpTrace Information: 0 : 13944, 1, 2026/02/11, 16:59:31.035, 3334129112658, vstest.console.dll, AssemblyResolver.OnResolve: Microsoft.VisualStudio.TestPlatform.Fakes: Assembly path does not exist: 'C:\Program Files\dotnet\sdk\9.0.100\Microsoft.VisualStudio.TestPlatform.Fakes.exe', returning.
TpTrace Information: 0 : 13944, 1, 2026/02/11, 16:59:31.035, 3334129113168, vstest.console.dll, AssemblyResolver.OnResolve: Microsoft.VisualStudio.TestPlatform.Fakes: Failed to load assembly.
TpTrace Information: 0 : 13944, 1, 2026/02/11, 16:59:31.036, 3334129115773, vstest.console.dll, Failed to load assembly Microsoft.VisualStudio.TestPlatform.Fakes, Version=17.0.0.0, Culture=neutral. Reason:System.IO.FileNotFoundException: Could not load file or assembly 'Microsoft.VisualStudio.TestPlatform.Fakes, Version=17.0.0.0, Culture=neutral, PublicKeyToken=null'. The system cannot find the file specified.
File name: 'Microsoft.VisualStudio.TestPlatform.Fakes, Version=17.0.0.0, Culture=neutral, PublicKeyToken=null'
   at System.Reflection.RuntimeAssembly.InternalLoad(AssemblyName assemblyName, StackCrawlMark& stackMark, AssemblyLoadContext assemblyLoadContext, RuntimeAssembly requestingAssembly, Boolean throwOnFileNotFound)
   at System.Reflection.Assembly.Load(AssemblyName assemblyRef)
   at Microsoft.VisualStudio.TestPlatform.Common.Utilities.FakesUtilities.LoadTestPlatformAssembly() in /_/src/Microsoft.TestPlatform.Common/Utilities/FakesUtilities.cs:line 273
TpTrace Verbose: 0 : 13944, 1, 2026/02/11, 16:59:31.040, 3334129158565, vstest.console.dll, TestPluginCache.DiscoverTestExtensions: finding test extensions in assemblies ends with: TestLogger.dll TPluginInfo: Microsoft.VisualStudio.TestPlatform.Common.ExtensionFramework.Utilities.TestLoggerPluginInformation TExtension: Microsoft.VisualStudio.TestPlatform.ObjectModel.Client.ITestLogger
TpTrace Verbose: 0 : 13944, 1, 2026/02/11, 16:59:31.040, 3334129159849, vstest.console.dll, TestPluginCache.GetExtensionPaths: Filtered extension paths: 
TpTrace Verbose: 0 : 13944, 1, 2026/02/11, 16:59:31.040, 3334129160303, vstest.console.dll, TestPluginCache.GetExtensionPaths: Added default extension paths: C:\Program Files\dotnet\sdk\9.0.100\Extensions\Microsoft.Diagnostics.NETCore.Client.dll
C:\Program Files\dotnet\sdk\9.0.100\Extensions\Microsoft.TestPlatform.Extensions.BlameDataCollector.dll
C:\Program Files\dotnet\sdk\9.0.100\Extensions\Microsoft.TestPlatform.Extensions.EventLogCollector.dll
C:\Program Files\dotnet\sdk\9.0.100\Extensions\Microsoft.TestPlatform.TestHostRuntimeProvider.dll
C:\Program Files\dotnet\sdk\9.0.100\Extensions\Microsoft.VisualStudio.TestPlatform.Extensions.Html.TestLogger.dll
C:\Program Files\dotnet\sdk\9.0.100\Extensions\Microsoft.VisualStudio.TestPlatform.Extensions.Trx.TestLogger.dll
TpTrace Verbose: 0 : 13944, 1, 2026/02/11, 16:59:31.040, 3334129160688, vstest.console.dll, TestPluginCache.GetExtensionPaths: Added unfilterableExtensionPaths: 
TpTrace Information: 0 : 13944, 1, 2026/02/11, 16:59:31.045, 3334129214917, vstest.console.dll, AssemblyResolver.AddSearchDirectories: Adding more searchDirectories C:\Program Files\dotnet\sdk\9.0.100\Extensions,C:\Program Files\dotnet\sdk\9.0.100
TpTrace Verbose: 0 : 13944, 1, 2026/02/11, 16:59:31.046, 3334129216897, vstest.console.dll, TestPluginCache.DiscoverTestExtensions: Discovering the extensions using extension path.
TpTrace Verbose: 0 : 13944, 1, 2026/02/11, 16:59:31.046, 3334129217873, vstest.console.dll, TestPluginCache.GetExtensionPaths: Filtered extension paths: 
TpTrace Verbose: 0 : 13944, 1, 2026/02/11, 16:59:31.046, 3334129218359, vstest.console.dll, TestPluginCache.GetExtensionPaths: Added default extension paths: C:\Program Files\dotnet\sdk\9.0.100\Extensions\Microsoft.Diagnostics.NETCore.Client.dll
C:\Program Files\dotnet\sdk\9.0.100\Extensions\Microsoft.TestPlatform.Extensions.BlameDataCollector.dll
C:\Program Files\dotnet\sdk\9.0.100\Extensions\Microsoft.TestPlatform.Extensions.EventLogCollector.dll
C:\Program Files\dotnet\sdk\9.0.100\Extensions\Microsoft.TestPlatform.TestHostRuntimeProvider.dll
C:\Program Files\dotnet\sdk\9.0.100\Extensions\Microsoft.VisualStudio.TestPlatform.Extensions.Html.TestLogger.dll
C:\Program Files\dotnet\sdk\9.0.100\Extensions\Microsoft.VisualStudio.TestPlatform.Extensions.Trx.TestLogger.dll
TpTrace Verbose: 0 : 13944, 1, 2026/02/11, 16:59:31.046, 3334129218757, vstest.console.dll, TestPluginCache.GetExtensionPaths: Added unfilterableExtensionPaths: 
TpTrace Verbose: 0 : 13944, 1, 2026/02/11, 16:59:31.046, 3334129220035, vstest.console.dll, TestPluginCache.DiscoverTestExtensions: Discovering the extensions using allExtensionPaths: C:\Program Files\dotnet\sdk\9.0.100\Extensions\Microsoft.Diagnostics.NETCore.Client.dll
C:\Program Files\dotnet\sdk\9.0.100\Extensions\Microsoft.TestPlatform.Extensions.BlameDataCollector.dll
C:\Program Files\dotnet\sdk\9.0.100\Extensions\Microsoft.TestPlatform.Extensions.EventLogCollector.dll
C:\Program Files\dotnet\sdk\9.0.100\Extensions\Microsoft.TestPlatform.TestHostRuntimeProvider.dll
C:\Program Files\dotnet\sdk\9.0.100\Extensions\Microsoft.VisualStudio.TestPlatform.Extensions.Html.TestLogger.dll
C:\Program Files\dotnet\sdk\9.0.100\Extensions\Microsoft.VisualStudio.TestPlatform.Extensions.Trx.TestLogger.dll
TpTrace Information: 0 : 13944, 1, 2026/02/11, 16:59:31.046, 3334129221177, vstest.console.dll, AssemblyResolver.AddSearchDirectories: Adding more searchDirectories C:\Program Files\dotnet\sdk\9.0.100\Extensions,C:\Program Files\dotnet\sdk\9.0.100
TpTrace Information: 0 : 13944, 1, 2026/02/11, 16:59:31.046, 3334129221909, vstest.console.dll, AssemblyResolver.AddSearchDirectories: Adding more searchDirectories C:\Program Files\dotnet\sdk\9.0.100\Extensions,C:\Program Files\dotnet\sdk\9.0.100
TpTrace Information: 0 : 13944, 1, 2026/02/11, 16:59:31.046, 3334129222582, vstest.console.dll, AssemblyResolver.AddSearchDirectories: Adding more searchDirectories C:\Program Files\dotnet\sdk\9.0.100\Extensions,C:\Program Files\dotnet\sdk\9.0.100
TpTrace Information: 0 : 13944, 1, 2026/02/11, 16:59:31.046, 3334129223214, vstest.console.dll, AssemblyResolver.AddSearchDirectories: Adding more searchDirectories C:\Program Files\dotnet\sdk\9.0.100\Extensions,C:\Program Files\dotnet\sdk\9.0.100
TpTrace Information: 0 : 13944, 1, 2026/02/11, 16:59:31.046, 3334129223862, vstest.console.dll, AssemblyResolver.AddSearchDirectories: Adding more searchDirectories C:\Program Files\dotnet\sdk\9.0.100\Extensions,C:\Program Files\dotnet\sdk\9.0.100
TpTrace Information: 0 : 13944, 1, 2026/02/11, 16:59:31.046, 3334129224504, vstest.console.dll, AssemblyResolver.AddSearchDirectories: Adding more searchDirectories C:\Program Files\dotnet\sdk\9.0.100\Extensions,C:\Program Files\dotnet\sdk\9.0.100
TpTrace Verbose: 0 : 13944, 1, 2026/02/11, 16:59:31.047, 3334129226673, vstest.console.dll, MetadataReaderExtensionsHelper: Discovering extensions inside assembly 'Microsoft.Diagnostics.NETCore.Client, Version=0.2.10.41601, Culture=neutral, PublicKeyToken=31bf3856ad364e35' file path 'C:\Program Files\dotnet\sdk\9.0.100\Extensions\Microsoft.Diagnostics.NETCore.Client.dll'
TpTrace Information: 0 : 13944, 1, 2026/02/11, 16:59:31.048, 3334129237860, vstest.console.dll, AssemblyResolver.OnResolve: Microsoft.Bcl.AsyncInterfaces: Resolving assembly.
TpTrace Information: 0 : 13944, 1, 2026/02/11, 16:59:31.048, 3334129238924, vstest.console.dll, AssemblyResolver.OnResolve: Microsoft.Bcl.AsyncInterfaces: Resolved from cache.
TpTrace Verbose: 0 : 13944, 1, 2026/02/11, 16:59:31.048, 3334129239315, vstest.console.dll, CurrentDomainAssemblyResolve: Resolving assembly 'Microsoft.Bcl.AsyncInterfaces'.
TpTrace Information: 0 : 13944, 1, 2026/02/11, 16:59:31.048, 3334129239910, vstest.console.dll, AssemblyResolver.OnResolve: Microsoft.Bcl.AsyncInterfaces: Resolving assembly.
TpTrace Information: 0 : 13944, 1, 2026/02/11, 16:59:31.048, 3334129240392, vstest.console.dll, AssemblyResolver.OnResolve: Microsoft.Bcl.AsyncInterfaces: Resolved from cache.
TpTrace Verbose: 0 : 13944, 1, 2026/02/11, 16:59:31.048, 3334129240717, vstest.console.dll, CurrentDomainAssemblyResolve: Resolving assembly 'Microsoft.Bcl.AsyncInterfaces'.
TpTrace Verbose: 0 : 13944, 1, 2026/02/11, 16:59:31.048, 3334129241127, vstest.console.dll, CurrentDomainAssemblyResolve: Failed to resolve assembly 'Microsoft.Bcl.AsyncInterfaces'.
TpTrace Verbose: 0 : 13944, 1, 2026/02/11, 16:59:31.048, 3334129242706, vstest.console.dll, CurrentDomainAssemblyResolve: Failed to resolve assembly 'Microsoft.Bcl.AsyncInterfaces'.
TpTrace Warning: 0 : 13944, 1, 2026/02/11, 16:59:31.049, 3334129246578, vstest.console.dll, TestPluginDiscoverer: Failed to get types from assembly 'Microsoft.Diagnostics.NETCore.Client, Version=0.2.10.41601, Culture=neutral, PublicKeyToken=31bf3856ad364e35'. Error: System.Reflection.ReflectionTypeLoadException: Unable to load one or more of the requested types.
Could not load file or assembly 'Microsoft.Bcl.AsyncInterfaces, Version=6.0.0.0, Culture=neutral, PublicKeyToken=cc7b13ffcd2ddd51'. The system cannot find the file specified.
   at System.Reflection.RuntimeModule.GetDefinedTypes()
   at System.Reflection.RuntimeModule.GetTypes()
   at Microsoft.VisualStudio.TestPlatform.Common.ExtensionFramework.TestPluginDiscoverer.GetTestExtensionsFromAssembly[TPluginInfo,TExtension](Assembly assembly, Dictionary`2 pluginInfos, String filePath) in /_/src/Microsoft.TestPlatform.Common/ExtensionFramework/TestPluginDiscoverer.cs:line 159
System.IO.FileNotFoundException: Could not load file or assembly 'Microsoft.Bcl.AsyncInterfaces, Version=6.0.0.0, Culture=neutral, PublicKeyToken=cc7b13ffcd2ddd51'. The system cannot find the file specified.
File name: 'Microsoft.Bcl.AsyncInterfaces, Version=6.0.0.0, Culture=neutral, PublicKeyToken=cc7b13ffcd2ddd51'
 ---> System.IO.FileNotFoundException: Could not load file or assembly 'Microsoft.Bcl.AsyncInterfaces, Culture=neutral, PublicKeyToken=null'. The system cannot find the file specified.
File name: 'Microsoft.Bcl.AsyncInterfaces, Culture=neutral, PublicKeyToken=null'
   at System.Reflection.RuntimeAssembly.InternalLoad(AssemblyName assemblyName, StackCrawlMark& stackMark, AssemblyLoadContext assemblyLoadContext, RuntimeAssembly requestingAssembly, Boolean throwOnFileNotFound)
   at System.Reflection.Assembly.Load(AssemblyName assemblyRef)
   at Microsoft.VisualStudio.TestPlatform.Common.ExtensionFramework.TestPluginCache.CurrentDomainAssemblyResolve(Object sender, AssemblyResolveEventArgs args) in /_/src/Microsoft.TestPlatform.Common/ExtensionFramework/TestPluginCache.cs:line 514
   at System.Runtime.Loader.AssemblyLoadContext.GetFirstResolvedAssemblyFromResolvingEvent(AssemblyName assemblyName)
   at System.Runtime.Loader.AssemblyLoadContext.ResolveUsingEvent(AssemblyName assemblyName)
   at System.Runtime.Loader.AssemblyLoadContext.ResolveUsingResolvingEvent(IntPtr gchManagedAssemblyLoadContext, AssemblyName assemblyName)
TpTrace Warning: 0 : 13944, 1, 2026/02/11, 16:59:31.049, 3334129248300, vstest.console.dll, LoaderExceptions: System.IO.FileNotFoundException: Could not load file or assembly 'Microsoft.Bcl.AsyncInterfaces, Version=6.0.0.0, Culture=neutral, PublicKeyToken=cc7b13ffcd2ddd51'. The system cannot find the file specified.
File name: 'Microsoft.Bcl.AsyncInterfaces, Version=6.0.0.0, Culture=neutral, PublicKeyToken=cc7b13ffcd2ddd51'
 ---> System.IO.FileNotFoundException: Could not load file or assembly 'Microsoft.Bcl.AsyncInterfaces, Culture=neutral, PublicKeyToken=null'. The system cannot find the file specified.
File name: 'Microsoft.Bcl.AsyncInterfaces, Culture=neutral, PublicKeyToken=null'
   at System.Reflection.RuntimeAssembly.InternalLoad(AssemblyName assemblyName, StackCrawlMark& stackMark, AssemblyLoadContext assemblyLoadContext, RuntimeAssembly requestingAssembly, Boolean throwOnFileNotFound)
   at System.Reflection.Assembly.Load(AssemblyName assemblyRef)
   at Microsoft.VisualStudio.TestPlatform.Common.ExtensionFramework.TestPluginCache.CurrentDomainAssemblyResolve(Object sender, AssemblyResolveEventArgs args) in /_/src/Microsoft.TestPlatform.Common/ExtensionFramework/TestPluginCache.cs:line 514
   at System.Runtime.Loader.AssemblyLoadContext.GetFirstResolvedAssemblyFromResolvingEvent(AssemblyName assemblyName)
   at System.Runtime.Loader.AssemblyLoadContext.ResolveUsingEvent(AssemblyName assemblyName)
   at System.Runtime.Loader.AssemblyLoadContext.ResolveUsingResolvingEvent(IntPtr gchManagedAssemblyLoadContext, AssemblyName assemblyName)
TpTrace Verbose: 0 : 13944, 1, 2026/02/11, 16:59:31.049, 3334129249342, vstest.console.dll, MetadataReaderExtensionsHelper: Discovering extensions inside assembly 'Microsoft.TestPlatform.Extensions.BlameDataCollector, Version=15.0.0.0, Culture=neutral, PublicKeyToken=b03f5f7f11d50a3a' file path 'C:\Program Files\dotnet\sdk\9.0.100\Extensions\Microsoft.TestPlatform.Extensions.BlameDataCollector.dll'
TpTrace Information: 0 : 13944, 1, 2026/02/11, 16:59:31.050, 3334129257911, vstest.console.dll, GetTestExtensionFromType: Register extension with identifier data 'logger://Microsoft/TestPlatform/Extensions/Blame/v1' and type 'Microsoft.TestPlatform.Extensions.BlameDataCollector.BlameLogger, Microsoft.TestPlatform.Extensions.BlameDataCollector, Version=15.0.0.0, Culture=neutral, PublicKeyToken=b03f5f7f11d50a3a' inside file 'C:\Program Files\dotnet\sdk\9.0.100\Extensions\Microsoft.TestPlatform.Extensions.BlameDataCollector.dll'
TpTrace Verbose: 0 : 13944, 1, 2026/02/11, 16:59:31.050, 3334129258832, vstest.console.dll, MetadataReaderExtensionsHelper: Discovering extensions inside assembly 'Microsoft.TestPlatform.Extensions.EventLogCollector, Version=15.0.0.0, Culture=neutral, PublicKeyToken=b03f5f7f11d50a3a' file path 'C:\Program Files\dotnet\sdk\9.0.100\Extensions\Microsoft.TestPlatform.Extensions.EventLogCollector.dll'
TpTrace Verbose: 0 : 13944, 1, 2026/02/11, 16:59:31.050, 3334129264612, vstest.console.dll, MetadataReaderExtensionsHelper: Discovering extensions inside assembly 'Microsoft.TestPlatform.TestHostRuntimeProvider, Version=15.0.0.0, Culture=neutral, PublicKeyToken=b03f5f7f11d50a3a' file path 'C:\Program Files\dotnet\sdk\9.0.100\Extensions\Microsoft.TestPlatform.TestHostRuntimeProvider.dll'
TpTrace Verbose: 0 : 13944, 1, 2026/02/11, 16:59:31.051, 3334129270164, vstest.console.dll, MetadataReaderExtensionsHelper: Discovering extensions inside assembly 'Microsoft.VisualStudio.TestPlatform.Extensions.Html.TestLogger, Version=15.0.0.0, Culture=neutral, PublicKeyToken=b03f5f7f11d50a3a' file path 'C:\Program Files\dotnet\sdk\9.0.100\Extensions\Microsoft.VisualStudio.TestPlatform.Extensions.Html.TestLogger.dll'
TpTrace Information: 0 : 13944, 1, 2026/02/11, 16:59:31.052, 3334129279406, vstest.console.dll, GetTestExtensionFromType: Register extension with identifier data 'logger://Microsoft/TestPlatform/HtmlLogger/v1' and type 'Microsoft.VisualStudio.TestPlatform.Extensions.HtmlLogger.HtmlLogger, Microsoft.VisualStudio.TestPlatform.Extensions.Html.TestLogger, Version=15.0.0.0, Culture=neutral, PublicKeyToken=b03f5f7f11d50a3a' inside file 'C:\Program Files\dotnet\sdk\9.0.100\Extensions\Microsoft.VisualStudio.TestPlatform.Extensions.Html.TestLogger.dll'
TpTrace Verbose: 0 : 13944, 1, 2026/02/11, 16:59:31.052, 3334129280512, vstest.console.dll, MetadataReaderExtensionsHelper: Discovering extensions inside assembly 'Microsoft.VisualStudio.TestPlatform.Extensions.Trx.TestLogger, Version=15.0.0.0, Culture=neutral, PublicKeyToken=b03f5f7f11d50a3a' file path 'C:\Program Files\dotnet\sdk\9.0.100\Extensions\Microsoft.VisualStudio.TestPlatform.Extensions.Trx.TestLogger.dll'
TpTrace Information: 0 : 13944, 1, 2026/02/11, 16:59:31.053, 3334129288044, vstest.console.dll, GetTestExtensionFromType: Register extension with identifier data 'logger://Microsoft/TestPlatform/TrxLogger/v1' and type 'Microsoft.VisualStudio.TestPlatform.Extensions.TrxLogger.TrxLogger, Microsoft.VisualStudio.TestPlatform.Extensions.Trx.TestLogger, Version=15.0.0.0, Culture=neutral, PublicKeyToken=b03f5f7f11d50a3a' inside file 'C:\Program Files\dotnet\sdk\9.0.100\Extensions\Microsoft.VisualStudio.TestPlatform.Extensions.Trx.TestLogger.dll'
TpTrace Verbose: 0 : 13944, 1, 2026/02/11, 16:59:31.053, 3334129289170, vstest.console.dll, TestPluginCache: Discovered the extensions using extension path ''.
TpTrace Verbose: 0 : 13944, 1, 2026/02/11, 16:59:31.053, 3334129289634, vstest.console.dll, TestPluginCache: Discoverers are ''.
TpTrace Verbose: 0 : 13944, 1, 2026/02/11, 16:59:31.053, 3334129290008, vstest.console.dll, TestPluginCache: Executors are ''.
TpTrace Verbose: 0 : 13944, 1, 2026/02/11, 16:59:31.053, 3334129290421, vstest.console.dll, TestPluginCache: Executors2 are ''.
TpTrace Verbose: 0 : 13944, 1, 2026/02/11, 16:59:31.053, 3334129290819, vstest.console.dll, TestPluginCache: Setting providers are ''.
TpTrace Verbose: 0 : 13944, 1, 2026/02/11, 16:59:31.054, 3334129297295, vstest.console.dll, TestPluginCache: Loggers are 'logger://Microsoft/TestPlatform/Extensions/Blame/v1,logger://Microsoft/TestPlatform/HtmlLogger/v1,logger://Microsoft/TestPlatform/TrxLogger/v1'.
TpTrace Verbose: 0 : 13944, 1, 2026/02/11, 16:59:31.054, 3334129298162, vstest.console.dll, TestPluginCache: TestHosts are 'HostProvider://DefaultTestHost,HostProvider://DotnetTestHost'.
TpTrace Verbose: 0 : 13944, 1, 2026/02/11, 16:59:31.054, 3334129298836, vstest.console.dll, TestPluginCache: DataCollectors are ''.
TpTrace Information: 0 : 13944, 1, 2026/02/11, 16:59:31.055, 3334129312831, vstest.console.dll, TestPluginManager.CreateTestExtension: Attempting to load test extension: Microsoft.TestPlatform.Extensions.BlameDataCollector.BlameLogger
TpTrace Verbose: 0 : 13944, 1, 2026/02/11, 16:59:31.072, 3334129481004, vstest.console.dll, TestEngine: Initializing Parallel Execution as MaxCpuCount is set to: 1
TpTrace Information: 0 : 13944, 1, 2026/02/11, 16:59:31.075, 3334129509184, vstest.console.dll, TestPluginManager.CreateTestExtension: Attempting to load test extension: Microsoft.VisualStudio.TestPlatform.CrossPlatEngine.Hosting.DefaultTestHostManager
TpTrace Information: 0 : 13944, 1, 2026/02/11, 16:59:31.077, 3334129526590, vstest.console.dll, TestPluginManager.CreateTestExtension: Attempting to load test extension: Microsoft.VisualStudio.TestPlatform.CrossPlatEngine.Hosting.DotnetTestHostManager
TpTrace Verbose: 0 : 13944, 1, 2026/02/11, 16:59:31.077, 3334129530787, vstest.console.dll, TestHostManagerCallbacks.ctor: Forwarding output is enabled.
TpTrace Information: 0 : 13944, 1, 2026/02/11, 16:59:31.078, 3334129537673, vstest.console.dll, InferRunSettingsHelper.IsTestSettingsEnabled: Unable to navigate to RunSettings/MSTest. Current node: RunSettings
TpTrace Verbose: 0 : 13944, 1, 2026/02/11, 16:59:31.079, 3334129551300, vstest.console.dll, ParallelOperationManager.ClearSlots: Clearing all slots. Slots should accept more work: True
TpTrace Verbose: 0 : 13944, 1, 2026/02/11, 16:59:31.080, 3334129563060, vstest.console.dll, ParallelOperationManager.SetOccupiedSlotCount: Setting slot counts AvailableSlotCount = 1, OccupiedSlotCount = 0.
TpTrace Verbose: 0 : 13944, 1, 2026/02/11, 16:59:31.081, 3334129571764, vstest.console.dll, Occupied slots:

TpTrace Verbose: 0 : 13944, 1, 2026/02/11, 16:59:31.090, 3334129656518, vstest.console.dll, TestEngine.GetExecutionManager: Chosen execution manager 'Microsoft.VisualStudio.TestPlatform.CrossPlatEngine.Client.Parallel.ParallelProxyExecutionManager, Microsoft.TestPlatform.CrossPlatEngine, Version=15.0.0.0, Culture=neutral, PublicKeyToken=b03f5f7f11d50a3a' ParallelLevel '1'.
TpTrace Verbose: 0 : 13944, 1, 2026/02/11, 16:59:31.090, 3334129659064, vstest.console.dll, TestPlatform.GetSkipDefaultAdapters: Not skipping default adapters SkipDefaultAdapters was false.
TpTrace Verbose: 0 : 13944, 1, 2026/02/11, 16:59:31.090, 3334129660340, vstest.console.dll, TestRunRequest.ExecuteAsync: Creating test run request.
TpTrace Verbose: 0 : 13944, 1, 2026/02/11, 16:59:31.090, 3334129663892, vstest.console.dll, TestRunRequest.ExecuteAsync: Starting.
TpTrace Information: 0 : 13944, 1, 2026/02/11, 16:59:31.092, 3334129677023, vstest.console.dll, TestRunRequest.ExecuteAsync: Starting run with settings:TestRunCriteria:
   KeepAlive=False,FrequencyOfRunStatsChangeEvent=10,RunStatsChangeEventTimeout=00:00:01.5000000,TestCaseFilter=,TestExecutorLauncher=
   Settingsxml=<RunSettings>
  <RunConfiguration>
    <ResultsDirectory>C:\Users\TOSHIBA\source\repos\FrontEndAutomation\5.Workshop-CI-System-with-Selenium-Appium-Tests-I-Resources\2-SeleniumWebDriver\TestProject3\bin\Debug\net6.0\fine-code-coverage\coverage-tool-output</ResultsDirectory>
    <TargetPlatform>X64</TargetPlatform>
    <TargetFrameworkVersion>.NETCoreApp,Version=v6.0</TargetFrameworkVersion>
    <DesignMode>False</DesignMode>
    <CollectSourceInformation>False</CollectSourceInformation>
  </RunConfiguration>
  <LoggerRunSettings>
    <Loggers>
      <Logger friendlyName="blame" enabled="True" />
      <Logger friendlyName="Console" uri="logger://microsoft/TestPlatform/ConsoleLogger/v1" assemblyQualifiedName="Microsoft.VisualStudio.TestPlatform.CommandLine.Internal.ConsoleLogger, vstest.console, Version=15.0.0.0, Culture=neutral, PublicKeyToken=b03f5f7f11d50a3a" codeBase="C:\Program Files\dotnet\sdk\9.0.100\vstest.console.dll" enabled="True" />
    </Loggers>
  </LoggerRunSettings>
  <DataCollectionRunSettings>
    <DataCollectors>
      <DataCollector friendlyName="blame" enabled="True">
        <Configuration>
          <ResultsDirectory>C:\Users\TOSHIBA\source\repos\FrontEndAutomation\5.Workshop-CI-System-with-Selenium-Appium-Tests-I-Resources\2-SeleniumWebDriver\TestProject3\bin\Debug\net6.0\fine-code-coverage\coverage-tool-output</ResultsDirectory>
        </Configuration>
      </DataCollector>
    </DataCollectors>
  </DataCollectionRunSettings>
</RunSettings>

TpTrace Verbose: 0 : 13944, 1, 2026/02/11, 16:59:31.092, 3334129678069, vstest.console.dll, TestRunRequest.ExecuteAsync: Wait for the first run request is over.
TpTrace Verbose: 0 : 13944, 1, 2026/02/11, 16:59:31.092, 3334129681714, vstest.console.dll, MulticastDelegateUtilities.SafeInvoke: TestRun.TestRunStart: Invoking callbacks was skipped because there are no subscribers.
TpTrace Verbose: 0 : 13944, 4, 2026/02/11, 16:59:31.092, 3334129684324, vstest.console.dll, MulticastDelegateUtilities.SafeInvoke: InternalTestLoggerEvents.SendTestRunStart: Invoking callback 1/1 for Microsoft.VisualStudio.TestPlatform.CommandLine.Internal.ConsoleLogger., took 0 ms.
TpTrace Verbose: 0 : 13944, 1, 2026/02/11, 16:59:31.094, 3334129699461, vstest.console.dll, ParallelProxyExecutionManager: Start execution. Total sources: 1
TpTrace Verbose: 0 : 13944, 1, 2026/02/11, 16:59:31.094, 3334129703609, vstest.console.dll, ParallelOperationManager.StartWork: Starting adding 1 workloads.
TpTrace Verbose: 0 : 13944, 1, 2026/02/11, 16:59:31.094, 3334129704437, vstest.console.dll, ParallelOperationManager.ClearSlots: Clearing all slots. Slots should accept more work: True
TpTrace Verbose: 0 : 13944, 1, 2026/02/11, 16:59:31.095, 3334129705283, vstest.console.dll, ParallelOperationManager.SetOccupiedSlotCount: Setting slot counts AvailableSlotCount = 1, OccupiedSlotCount = 0.
TpTrace Verbose: 0 : 13944, 1, 2026/02/11, 16:59:31.095, 3334129705752, vstest.console.dll, Occupied slots:

TpTrace Verbose: 0 : 13944, 1, 2026/02/11, 16:59:31.097, 3334129725453, vstest.console.dll, TestHostManagerCallbacks.ctor: Forwarding output is enabled.
TpTrace Verbose: 0 : 13944, 1, 2026/02/11, 16:59:31.097, 3334129729752, vstest.console.dll, TestRequestSender is acting as server.
TpTrace Verbose: 0 : 13944, 1, 2026/02/11, 16:59:31.099, 3334129748431, vstest.console.dll, ParallelOperationManager.RunWorkInParallel: Adding 1 workload to slot, remaining workloads 0.
TpTrace Verbose: 0 : 13944, 1, 2026/02/11, 16:59:31.099, 3334129749599, vstest.console.dll, ParallelOperationManager.SetOccupiedSlotCount: Setting slot counts AvailableSlotCount = 0, OccupiedSlotCount = 1.
TpTrace Verbose: 0 : 13944, 1, 2026/02/11, 16:59:31.099, 3334129750886, vstest.console.dll, Occupied slots:
0: C:\Users\TOSHIBA\source\repos\FrontEndAutomation\5.Workshop-CI-System-with-Selenium-Appium-Tests-I-Resources\2-SeleniumWebDriver\TestProject3\bin\Debug\net6.0\fine-code-coverage\build-output\TestProject3.dll
TpTrace Verbose: 0 : 13944, 1, 2026/02/11, 16:59:31.101, 3334129772338, vstest.console.dll, ParallelOperationManager.RunWorkInParallel: Started host in slot number 0 for work (source): C:\Users\TOSHIBA\source\repos\FrontEndAutomation\5.Workshop-CI-System-with-Selenium-Appium-Tests-I-Resources\2-SeleniumWebDriver\TestProject3\bin\Debug\net6.0\fine-code-coverage\build-output\TestProject3.dll.
TpTrace Verbose: 0 : 13944, 5, 2026/02/11, 16:59:31.103, 3334129786419, vstest.console.dll, ParallelProxyExecutionManager.StartTestRunOnConcurrentManager: Initializing uninitialized client. Started clients: 0
TpTrace Verbose: 0 : 13944, 5, 2026/02/11, 16:59:31.103, 3334129789301, vstest.console.dll, DataCollectionRequestSender.InitializeCommunication : Initialize communication. 
TpTrace Verbose: 0 : 13944, 1, 2026/02/11, 16:59:31.105, 3334129805877, vstest.console.dll, ParallelOperationManager.RunWorkInParallel: We started 1 work items, which is the max parallel level. Won't start more work.
TpTrace Verbose: 0 : 13944, 1, 2026/02/11, 16:59:31.105, 3334129807242, vstest.console.dll, ParallelOperationManager.RunWorkInParallel: We started 1 work items in here, returning True.
TpTrace Information: 0 : 13944, 1, 2026/02/11, 16:59:31.105, 3334129807987, vstest.console.dll, TestRunRequest.ExecuteAsync: Started.
TpTrace Verbose: 0 : 13944, 1, 2026/02/11, 16:59:31.107, 3334129825702, vstest.console.dll, TestRunRequest.WaitForCompletion: Waiting with timeout -1.
TpTrace Information: 0 : 13944, 5, 2026/02/11, 16:59:31.116, 3334129919187, vstest.console.dll, Listening on Endpoint : 127.0.0.1:56874
TpTrace Verbose: 0 : 13944, 5, 2026/02/11, 16:59:31.125, 3334130009487, vstest.console.dll, DotnetDataCollectionLauncher: Adding  --runtimeconfig "C:\Program Files\dotnet\sdk\9.0.100\datacollector.runtimeconfig.json" in args
TpTrace Verbose: 0 : 13944, 5, 2026/02/11, 16:59:31.125, 3334130010799, vstest.console.dll, DotnetDataCollectionLauncher: Adding  --depsfile "C:\Program Files\dotnet\sdk\9.0.100\datacollector.deps.json" in args
TpTrace Verbose: 0 : 13944, 5, 2026/02/11, 16:59:31.125, 3334130013313, vstest.console.dll, DotnetDataCollectionLauncher: Full path of dotnet.exe is C:\Program Files\dotnet\dotnet.exe
TpTrace Information: 0 : 13944, 5, 2026/02/11, 16:59:31.139, 3334130145511, vstest.console.dll, ProxyDataCollectionManager.Initialize: Launched datacollector processId: 10260 port: 56874
TpTrace Information: 0 : 13944, 5, 2026/02/11, 16:59:31.139, 3334130147472, vstest.console.dll, ProxyDataCollectionManager.Initialize: waiting for connection with timeout: 90 seconds
TpTrace Verbose: 0 : 13944, 5, 2026/02/11, 16:59:31.139, 3334130148600, vstest.console.dll, DataCollectionRequestSender.WaitForRequestHandlerConnection : Waiting for connection with timeout: 90000
TpTrace Information: 0 : 13944, 9, 2026/02/11, 16:59:31.338, 3334132139550, vstest.console.dll, Using the buffer size of 16384 bytes
TpTrace Verbose: 0 : 13944, 5, 2026/02/11, 16:59:31.338, 3334132139726, vstest.console.dll, SocketCommunicationManager.WaitForClientConnection took: 198 ms, with 90000 ms timeout, and finished with True.
TpTrace Information: 0 : 13944, 9, 2026/02/11, 16:59:31.338, 3334132141327, vstest.console.dll, Accepted Client request and set the flag
TpTrace Verbose: 0 : 13944, 5, 2026/02/11, 16:59:31.338, 3334132142801, vstest.console.dll, ProxyDataCollectionManager.InvokeDataCollectionServiceAction: Starting.
TpTrace Information: 0 : 13944, 5, 2026/02/11, 16:59:31.338, 3334132143978, vstest.console.dll, ProxyDataCollectionManager.BeforeTestRunStart: Get environment variable and port for datacollector processId: 10260 port: 56874
TpTrace Verbose: 0 : 13944, 5, 2026/02/11, 16:59:31.339, 3334132145577, vstest.console.dll, DataCollectionRequestSender.SendBeforeTestRunStartAndGetResult: Send BeforeTestRunStart message with settingsXml <RunSettings><RunConfiguration><ResultsDirectory>C:\Users\TOSHIBA\source\repos\FrontEndAutomation\5.Workshop-CI-System-with-Selenium-Appium-Tests-I-Resources\2-SeleniumWebDriver\TestProject3\bin\Debug\net6.0\fine-code-coverage\coverage-tool-output</ResultsDirectory><TargetPlatform>X64</TargetPlatform><TargetFrameworkVersion>.NETCoreApp,Version=v6.0</TargetFrameworkVersion><DesignMode>False</DesignMode><CollectSourceInformation>False</CollectSourceInformation><TestAdaptersPaths>C:\Program Files\dotnet\sdk\9.0.100\Extensions</TestAdaptersPaths></RunConfiguration><LoggerRunSettings><Loggers><Logger friendlyName="blame" enabled="True" /><Logger friendlyName="Console" uri="logger://microsoft/TestPlatform/ConsoleLogger/v1" assemblyQualifiedName="Microsoft.VisualStudio.TestPlatform.CommandLine.Internal.ConsoleLogger, vstest.console, Version=15.0.0.0, Culture=neutral, PublicKeyToken=b03f5f7f11d50a3a" codeBase="C:\Program Files\dotnet\sdk\9.0.100\vstest.console.dll" enabled="True" /></Loggers></LoggerRunSettings><DataCollectionRunSettings><DataCollectors><DataCollector friendlyName="blame" enabled="True"><Configuration><ResultsDirectory>C:\Users\TOSHIBA\source\repos\FrontEndAutomation\5.Workshop-CI-System-with-Selenium-Appium-Tests-I-Resources\2-SeleniumWebDriver\TestProject3\bin\Debug\net6.0\fine-code-coverage\coverage-tool-output</ResultsDirectory></Configuration></DataCollector></DataCollectors></DataCollectionRunSettings></RunSettings> and sources System.Collections.Generic.List`1[System.String]: 
TpTrace Verbose: 0 : 13944, 5, 2026/02/11, 16:59:31.454, 3334133299597, vstest.console.dll, DataCollectionRequestSender.SendBeforeTestRunStartAndGetResult: Received message: (DataCollection.SendMessage) -> {"MessageType":"DataCollection.SendMessage","Payload":{"FriendlyName":null,"Uri":null,"TestCaseId":"00000000-0000-0000-0000-000000000000","Message":"Logging DataCollector Diagnostics in file: C:\\Users\\TOSHIBA\\source\\repos\\FrontEndAutomation\\5.Workshop-CI-System-with-Selenium-Appium-Tests-I-Resources\\2-SeleniumWebDriver\\TestProject3\\bin\\Debug\\net6.0\\fine-code-coverage\\coverage-tool-output\\diagnostics.datacollector.26-02-11_16-59-31_12517_5.log","Level":0}}
TpTrace Verbose: 0 : 13944, 5, 2026/02/11, 16:59:31.585, 3334134608370, vstest.console.dll, DataCollectionRequestSender.SendBeforeTestRunStartAndGetResult: Received message: (DataCollection.BeforeTestRunStartResult) -> {"MessageType":"DataCollection.BeforeTestRunStartResult","Payload":{"EnvironmentVariables":{},"DataCollectionEventsPort":56876}}
TpTrace Information: 0 : 13944, 5, 2026/02/11, 16:59:31.590, 3334134657705, vstest.console.dll, ProxyDataCollectionManager.BeforeTestRunStart: SendBeforeTestRunStartAndGetResult successful, env variable from datacollector:   and testhost port: 56876
TpTrace Information: 0 : 13944, 5, 2026/02/11, 16:59:31.590, 3334134659282, vstest.console.dll, ProxyDataCollectionManager.InvokeDataCollectionServiceAction: Completed.
TpTrace Verbose: 0 : 13944, 5, 2026/02/11, 16:59:31.590, 3334134659772, vstest.console.dll, ParallelProxyExecutionManager.StartTestRunOnConcurrentManager: Initializing test run. Started clients: 0
TpTrace Verbose: 0 : 13944, 5, 2026/02/11, 16:59:31.590, 3334134660785, vstest.console.dll, ProxyExecutionManager: Test host is always Lazy initialize.
TpTrace Verbose: 0 : 13944, 5, 2026/02/11, 16:59:31.590, 3334134663233, vstest.console.dll, TestRequestSender.InitializeCommunication: initialize communication. 
TpTrace Information: 0 : 13944, 5, 2026/02/11, 16:59:31.591, 3334134668431, vstest.console.dll, SocketServer.Start: Listening on endpoint : 127.0.0.1:56877
TpTrace Verbose: 0 : 13944, 5, 2026/02/11, 16:59:31.592, 3334134676227, vstest.console.dll, DotnetTestHostmanager.GetTestHostProcessStartInfo: Platform environment 'X64' target architecture 'X64' framework '.NETCoreApp,Version=v6.0' OS 'Windows'
TpTrace Verbose: 0 : 13944, 5, 2026/02/11, 16:59:31.592, 3334134678921, vstest.console.dll, DotnetTestHostmanager: Adding  --runtimeconfig "C:\Users\TOSHIBA\source\repos\FrontEndAutomation\5.Workshop-CI-System-with-Selenium-Appium-Tests-I-Resources\2-SeleniumWebDriver\TestProject3\bin\Debug\net6.0\fine-code-coverage\build-output\TestProject3.runtimeconfig.json" in args
TpTrace Verbose: 0 : 13944, 5, 2026/02/11, 16:59:31.592, 3334134680116, vstest.console.dll, DotnetTestHostmanager: Adding  --depsfile "C:\Users\TOSHIBA\source\repos\FrontEndAutomation\5.Workshop-CI-System-with-Selenium-Appium-Tests-I-Resources\2-SeleniumWebDriver\TestProject3\bin\Debug\net6.0\fine-code-coverage\build-output\TestProject3.deps.json" in args
TpTrace Verbose: 0 : 13944, 5, 2026/02/11, 16:59:31.592, 3334134682133, vstest.console.dll, DotnetTestHostmanager.IsWinOnArm: Current PROCESSOR_ARCHITECTURE from environment variable 'AMD64'
TpTrace Verbose: 0 : 13944, 5, 2026/02/11, 16:59:31.592, 3334134682859, vstest.console.dll, DotnetTestHostmanager.IsWinOnArm: Is Windows on ARM 'False'
TpTrace Verbose: 0 : 13944, 5, 2026/02/11, 16:59:31.592, 3334134683899, vstest.console.dll, DotnetTestHostManager: testhost.exe found at path: C:\Users\TOSHIBA\source\repos\FrontEndAutomation\5.Workshop-CI-System-with-Selenium-Appium-Tests-I-Resources\2-SeleniumWebDriver\TestProject3\bin\Debug\net6.0\fine-code-coverage\build-output\testhost.exe
TpTrace Verbose: 0 : 13944, 5, 2026/02/11, 16:59:31.592, 3334134684394, vstest.console.dll, DotnetTestHostmanager: Full path of host exe is C:\Users\TOSHIBA\source\repos\FrontEndAutomation\5.Workshop-CI-System-with-Selenium-Appium-Tests-I-Resources\2-SeleniumWebDriver\TestProject3\bin\Debug\net6.0\fine-code-coverage\build-output\testhost.exe
TpTrace Verbose: 0 : 13944, 5, 2026/02/11, 16:59:31.593, 3334134685862, vstest.console.dll, DotnetTestHostmanager.LaunchTestHostAsync: Found 'VSTEST_WINAPPHOST_DOTNET_ROOT' in env variables, value 'C:\Program Files\dotnet', forwarding to 'DOTNET_ROOT'
TpTrace Verbose: 0 : 13944, 5, 2026/02/11, 16:59:31.593, 3334134687468, vstest.console.dll, DotnetTestHostManager: Starting process 'C:\Users\TOSHIBA\source\repos\FrontEndAutomation\5.Workshop-CI-System-with-Selenium-Appium-Tests-I-Resources\2-SeleniumWebDriver\TestProject3\bin\Debug\net6.0\fine-code-coverage\build-output\testhost.exe' with command line ' --runtimeconfig "C:\Users\TOSHIBA\source\repos\FrontEndAutomation\5.Workshop-CI-System-with-Selenium-Appium-Tests-I-Resources\2-SeleniumWebDriver\TestProject3\bin\Debug\net6.0\fine-code-coverage\build-output\TestProject3.runtimeconfig.json" --depsfile "C:\Users\TOSHIBA\source\repos\FrontEndAutomation\5.Workshop-CI-System-with-Selenium-Appium-Tests-I-Resources\2-SeleniumWebDriver\TestProject3\bin\Debug\net6.0\fine-code-coverage\build-output\TestProject3.deps.json" --port 56877 --endpoint 127.0.0.1:056877 --role client --parentprocessid 13944 --diag "C:\Users\TOSHIBA\source\repos\FrontEndAutomation\5.Workshop-CI-System-with-Selenium-Appium-Tests-I-Resources\2-SeleniumWebDriver\TestProject3\bin\Debug\net6.0\fine-code-coverage\coverage-tool-output\diagnostics.host.26-02-11_16-59-31_59174_5.log" --tracelevel 4 --datacollectionport 56876 --telemetryoptedin false'
TpTrace Verbose: 0 : 13944, 5, 2026/02/11, 16:59:31.601, 3334134774382, vstest.console.dll, MulticastDelegateUtilities.SafeInvoke: HostProviderEvents.OnHostLaunched: Invoking callback 1/2 for Microsoft.VisualStudio.TestPlatform.CrossPlatEngine.Client.ProxyExecutionManagerWithDataCollection., took 1 ms.
TpTrace Verbose: 0 : 13944, 5, 2026/02/11, 16:59:31.602, 3334134780031, vstest.console.dll, Test Runtime launched
TpTrace Verbose: 0 : 13944, 5, 2026/02/11, 16:59:31.602, 3334134781300, vstest.console.dll, MulticastDelegateUtilities.SafeInvoke: HostProviderEvents.OnHostLaunched: Invoking callback 2/2 for Microsoft.VisualStudio.TestPlatform.CrossPlatEngine.Client.ProxyOperationManager., took 0 ms.
TpTrace Verbose: 0 : 13944, 5, 2026/02/11, 16:59:31.602, 3334134783853, vstest.console.dll, TestRequestSender.WaitForRequestHandlerConnection: waiting for connection with timeout: 90000.
TpTrace Verbose: 0 : 13944, 5, 2026/02/11, 16:59:31.842, 3334137179093, vstest.console.dll, TestRequestSender.WaitForRequestHandlerConnection: waiting took 239 ms, with timeout 90000 ms, and result 0, which is success.
TpTrace Verbose: 0 : 13944, 13, 2026/02/11, 16:59:31.842, 3334137179094, vstest.console.dll, MulticastDelegateUtilities.SafeInvoke: SocketServer: ClientConnected: Invoking callback 1/1 for Microsoft.VisualStudio.TestPlatform.CommunicationUtilities.TestRequestSender., took 0 ms.
TpTrace Verbose: 0 : 13944, 13, 2026/02/11, 16:59:31.842, 3334137181734, vstest.console.dll, SocketServer.OnClientConnected: Client connected for endPoint: 127.0.0.1:56877, starting MessageLoopAsync:
TpTrace Verbose: 0 : 13944, 11, 2026/02/11, 16:59:31.843, 3334137188882, vstest.console.dll, TcpClientExtensions.MessageLoopAsync: Polling on remoteEndPoint: 127.0.0.1:56878 localEndPoint: 127.0.0.1:56877 after 0 ms
TpTrace Verbose: 0 : 13944, 5, 2026/02/11, 16:59:31.843, 3334137194172, vstest.console.dll, TestRequestSender.CheckVersionWithTestHost: Sending check version message: {"MessageType":"ProtocolVersion","Payload":7}
TpTrace Verbose: 0 : 13944, 11, 2026/02/11, 16:59:32.049, 3334139254736, vstest.console.dll, TcpClientExtensions.MessageLoopAsync: NotifyDataAvailable remoteEndPoint: 127.0.0.1:56878 localEndPoint: 127.0.0.1:56877
TpTrace Verbose: 0 : 13944, 11, 2026/02/11, 16:59:32.050, 3334139257559, vstest.console.dll, TestRequestSender.CheckVersionWithTestHost: onMessageReceived received message: (ProtocolVersion) -> {"MessageType":"ProtocolVersion","Payload":5}
TpTrace Verbose: 0 : 13944, 11, 2026/02/11, 16:59:32.051, 3334139270295, vstest.console.dll, MulticastDelegateUtilities.SafeInvoke: LengthPrefixCommunicationChannel: MessageReceived: Invoking callback 1/1 for Microsoft.VisualStudio.TestPlatform.CommunicationUtilities.TestRequestSender+<>c__DisplayClass29_0., took 1 ms.
TpTrace Verbose: 0 : 13944, 5, 2026/02/11, 16:59:32.051, 3334139272107, vstest.console.dll, TestPluginCache.GetExtensionPaths: Filtered extension paths: 
TpTrace Verbose: 0 : 13944, 11, 2026/02/11, 16:59:32.051, 3334139272295, vstest.console.dll, TcpClientExtensions.MessageLoopAsync: Polling on remoteEndPoint: 127.0.0.1:56878 localEndPoint: 127.0.0.1:56877 after 208 ms
TpTrace Verbose: 0 : 13944, 5, 2026/02/11, 16:59:32.051, 3334139273408, vstest.console.dll, TestPluginCache.GetExtensionPaths: Added default extension paths: C:\Program Files\dotnet\sdk\9.0.100\Extensions\Microsoft.Diagnostics.NETCore.Client.dll
C:\Program Files\dotnet\sdk\9.0.100\Extensions\Microsoft.TestPlatform.Extensions.BlameDataCollector.dll
C:\Program Files\dotnet\sdk\9.0.100\Extensions\Microsoft.TestPlatform.Extensions.EventLogCollector.dll
C:\Program Files\dotnet\sdk\9.0.100\Extensions\Microsoft.TestPlatform.TestHostRuntimeProvider.dll
C:\Program Files\dotnet\sdk\9.0.100\Extensions\Microsoft.VisualStudio.TestPlatform.Extensions.Html.TestLogger.dll
C:\Program Files\dotnet\sdk\9.0.100\Extensions\Microsoft.VisualStudio.TestPlatform.Extensions.Trx.TestLogger.dll
TpTrace Verbose: 0 : 13944, 5, 2026/02/11, 16:59:32.051, 3334139274821, vstest.console.dll, TestPluginCache.GetExtensionPaths: Added unfilterableExtensionPaths: 
TpTrace Verbose: 0 : 13944, 5, 2026/02/11, 16:59:32.057, 3334139332290, vstest.console.dll, TestRequestSender.InitializeExecution: Sending initialize execution with message: {"Version":5,"MessageType":"TestExecution.Initialize","Payload":["C:\\Users\\TOSHIBA\\source\\repos\\FrontEndAutomation\\5.Workshop-CI-System-with-Selenium-Appium-Tests-I-Resources\\2-SeleniumWebDriver\\TestProject3\\bin\\Debug\\net6.0\\fine-code-coverage\\build-output\\NUnit3.TestAdapter.dll"]}
TpTrace Verbose: 0 : 13944, 5, 2026/02/11, 16:59:32.058, 3334139335483, vstest.console.dll, ParallelProxyExecutionManager.StartTestRunOnConcurrentManager: Execution starting. Started clients: 1
TpTrace Verbose: 0 : 13944, 5, 2026/02/11, 16:59:32.058, 3334139342937, vstest.console.dll, TestRunRequest:SendTestRunMessage: Starting.
TpTrace Verbose: 0 : 13944, 5, 2026/02/11, 16:59:32.059, 3334139346971, vstest.console.dll, MulticastDelegateUtilities.SafeInvoke: TestRun.LogMessages: Invoking callback 1/1 for Microsoft.VisualStudio.TestPlatform.CommandLine.TestRunResultAggregator., took 0 ms.
TpTrace Information: 0 : 13944, 5, 2026/02/11, 16:59:32.059, 3334139348328, vstest.console.dll, TestRunRequest:SendTestRunMessage: Completed.
TpTrace Verbose: 0 : 13944, 4, 2026/02/11, 16:59:32.059, 3334139350912, vstest.console.dll, MulticastDelegateUtilities.SafeInvoke: InternalTestLoggerEvents.SendTestRunMessage: Invoking callback 1/1 for Microsoft.VisualStudio.TestPlatform.CommandLine.Internal.ConsoleLogger., took 0 ms.
TpTrace Warning: 0 : 13944, 5, 2026/02/11, 16:59:32.059, 3334139354860, vstest.console.dll, InferRunSettingsHelper.MakeRunsettingsCompatible: Removing the following settings: TargetPlatform from RunSettings file. To use those settings please move to latest version of Microsoft.NET.Test.Sdk
TpTrace Verbose: 0 : 13944, 11, 2026/02/11, 16:59:32.071, 3334139465339, vstest.console.dll, TcpClientExtensions.MessageLoopAsync: NotifyDataAvailable remoteEndPoint: 127.0.0.1:56878 localEndPoint: 127.0.0.1:56877
TpTrace Verbose: 0 : 13944, 11, 2026/02/11, 16:59:32.071, 3334139471668, vstest.console.dll, TestRequestSender.OnExecutionMessageReceived: Received message: {"Version":5,"MessageType":"TestSession.Message","Payload":{"MessageLevel":0,"Message":"Logging TestHost Diagnostics in file: C:\\Users\\TOSHIBA\\source\\repos\\FrontEndAutomation\\5.Workshop-CI-System-with-Selenium-Appium-Tests-I-Resources\\2-SeleniumWebDriver\\TestProject3\\bin\\Debug\\net6.0\\fine-code-coverage\\coverage-tool-output\\diagnostics.host.26-02-11_16-59-31_59174_5.log"}}
TpTrace Verbose: 0 : 13944, 5, 2026/02/11, 16:59:32.074, 3334139499462, vstest.console.dll, TestRequestSender.StartTestRun: Sending test run with message: {"Version":5,"MessageType":"TestExecution.StartWithSources","Payload":{"AdapterSourceMap":{"_none_":["C:\\Users\\TOSHIBA\\source\\repos\\FrontEndAutomation\\5.Workshop-CI-System-with-Selenium-Appium-Tests-I-Resources\\2-SeleniumWebDriver\\TestProject3\\bin\\Debug\\net6.0\\fine-code-coverage\\build-output\\TestProject3.dll"]},"RunSettings":"<RunSettings>\r\n  <RunConfiguration>\r\n    <ResultsDirectory>C:\\Users\\TOSHIBA\\source\\repos\\FrontEndAutomation\\5.Workshop-CI-System-with-Selenium-Appium-Tests-I-Resources\\2-SeleniumWebDriver\\TestProject3\\bin\\Debug\\net6.0\\fine-code-coverage\\coverage-tool-output</ResultsDirectory>\r\n    <TargetFrameworkVersion>.NETCoreApp,Version=v6.0</TargetFrameworkVersion>\r\n    <DesignMode>False</DesignMode>\r\n    <CollectSourceInformation>False</CollectSourceInformation>\r\n  </RunConfiguration>\r\n  <LoggerRunSettings>\r\n    <Loggers>\r\n      <Logger friendlyName=\"blame\" enabled=\"True\" />\r\n      <Logger friendlyName=\"Console\" uri=\"logger://microsoft/TestPlatform/ConsoleLogger/v1\" assemblyQualifiedName=\"Microsoft.VisualStudio.TestPlatform.CommandLine.Internal.ConsoleLogger, vstest.console, Version=15.0.0.0, Culture=neutral, PublicKeyToken=b03f5f7f11d50a3a\" codeBase=\"C:\\Program Files\\dotnet\\sdk\\9.0.100\\vstest.console.dll\" enabled=\"True\" />\r\n    </Loggers>\r\n  </LoggerRunSettings>\r\n  <DataCollectionRunSettings>\r\n    <DataCollectors>\r\n      <DataCollector friendlyName=\"blame\" enabled=\"True\">\r\n        <Configuration>\r\n          <ResultsDirectory>C:\\Users\\TOSHIBA\\source\\repos\\FrontEndAutomation\\5.Workshop-CI-System-with-Selenium-Appium-Tests-I-Resources\\2-SeleniumWebDriver\\TestProject3\\bin\\Debug\\net6.0\\fine-code-coverage\\coverage-tool-output</ResultsDirectory>\r\n        </Configuration>\r\n      </DataCollector>\r\n    </DataCollectors>\r\n  </DataCollectionRunSettings>\r\n</RunSettings>","TestExecutionContext":{"FrequencyOfRunStatsChangeEvent":10,"RunStatsChangeEventTimeout":"00:00:01.5000000","InIsolation":false,"KeepAlive":false,"AreTestCaseLevelEventsRequired":false,"IsDebug":false,"TestCaseFilter":null,"FilterOptions":null},"Package":null}}
TpTrace Verbose: 0 : 13944, 5, 2026/02/11, 16:59:32.074, 3334139502302, vstest.console.dll, ParallelProxyExecutionManager.StartTestRunOnConcurrentManager: Execution started. Started clients: 1
TpTrace Verbose: 0 : 13944, 11, 2026/02/11, 16:59:32.076, 3334139524282, vstest.console.dll, TestRunRequest:SendTestRunMessage: Starting.
TpTrace Verbose: 0 : 13944, 11, 2026/02/11, 16:59:32.077, 3334139526201, vstest.console.dll, MulticastDelegateUtilities.SafeInvoke: TestRun.LogMessages: Invoking callback 1/1 for Microsoft.VisualStudio.TestPlatform.CommandLine.TestRunResultAggregator., took 0 ms.
TpTrace Verbose: 0 : 13944, 4, 2026/02/11, 16:59:32.077, 3334139526681, vstest.console.dll, MulticastDelegateUtilities.SafeInvoke: InternalTestLoggerEvents.SendTestRunMessage: Invoking callback 1/1 for Microsoft.VisualStudio.TestPlatform.CommandLine.Internal.ConsoleLogger., took 0 ms.
TpTrace Information: 0 : 13944, 11, 2026/02/11, 16:59:32.077, 3334139528494, vstest.console.dll, TestRunRequest:SendTestRunMessage: Completed.
TpTrace Verbose: 0 : 13944, 11, 2026/02/11, 16:59:32.077, 3334139529614, vstest.console.dll, MulticastDelegateUtilities.SafeInvoke: LengthPrefixCommunicationChannel: MessageReceived: Invoking callback 1/1 for Microsoft.VisualStudio.TestPlatform.CommunicationUtilities.TestRequestSender+<>c__DisplayClass34_0., took 6 ms.
TpTrace Verbose: 0 : 13944, 11, 2026/02/11, 16:59:32.077, 3334139530384, vstest.console.dll, TcpClientExtensions.MessageLoopAsync: Polling on remoteEndPoint: 127.0.0.1:56878 localEndPoint: 127.0.0.1:56877 after 25 ms
TpTrace Verbose: 0 : 13944, 11, 2026/02/11, 16:59:32.315, 3334141907656, vstest.console.dll, TcpClientExtensions.MessageLoopAsync: NotifyDataAvailable remoteEndPoint: 127.0.0.1:56878 localEndPoint: 127.0.0.1:56877
TpTrace Verbose: 0 : 13944, 11, 2026/02/11, 16:59:32.315, 3334141909988, vstest.console.dll, TestRequestSender.OnExecutionMessageReceived: Received message: {"Version":5,"MessageType":"TestSession.Message","Payload":{"MessageLevel":0,"Message":"NUnit Adapter 4.2.0.0: Test execution started"}}
TpTrace Verbose: 0 : 13944, 11, 2026/02/11, 16:59:32.315, 3334141912934, vstest.console.dll, TestRunRequest:SendTestRunMessage: Starting.
TpTrace Verbose: 0 : 13944, 11, 2026/02/11, 16:59:32.315, 3334141914215, vstest.console.dll, MulticastDelegateUtilities.SafeInvoke: TestRun.LogMessages: Invoking callback 1/1 for Microsoft.VisualStudio.TestPlatform.CommandLine.TestRunResultAggregator., took 0 ms.
TpTrace Verbose: 0 : 13944, 4, 2026/02/11, 16:59:32.315, 3334141914558, vstest.console.dll, MulticastDelegateUtilities.SafeInvoke: InternalTestLoggerEvents.SendTestRunMessage: Invoking callback 1/1 for Microsoft.VisualStudio.TestPlatform.CommandLine.Internal.ConsoleLogger., took 0 ms.
TpTrace Information: 0 : 13944, 11, 2026/02/11, 16:59:32.316, 3334141915690, vstest.console.dll, TestRunRequest:SendTestRunMessage: Completed.
TpTrace Verbose: 0 : 13944, 11, 2026/02/11, 16:59:32.316, 3334141916464, vstest.console.dll, MulticastDelegateUtilities.SafeInvoke: LengthPrefixCommunicationChannel: MessageReceived: Invoking callback 1/1 for Microsoft.VisualStudio.TestPlatform.CommunicationUtilities.TestRequestSender+<>c__DisplayClass34_0., took 0 ms.
TpTrace Verbose: 0 : 13944, 11, 2026/02/11, 16:59:32.316, 3334141917137, vstest.console.dll, TcpClientExtensions.MessageLoopAsync: Polling on remoteEndPoint: 127.0.0.1:56878 localEndPoint: 127.0.0.1:56877 after 238 ms
TpTrace Verbose: 0 : 13944, 11, 2026/02/11, 16:59:32.360, 3334142355544, vstest.console.dll, TcpClientExtensions.MessageLoopAsync: NotifyDataAvailable remoteEndPoint: 127.0.0.1:56878 localEndPoint: 127.0.0.1:56877
TpTrace Verbose: 0 : 13944, 11, 2026/02/11, 16:59:32.360, 3334142358202, vstest.console.dll, TestRequestSender.OnExecutionMessageReceived: Received message: {"Version":5,"MessageType":"TestSession.Message","Payload":{"MessageLevel":0,"Message":"Running all tests in C:\\Users\\TOSHIBA\\source\\repos\\FrontEndAutomation\\5.Workshop-CI-System-with-Selenium-Appium-Tests-I-Resources\\2-SeleniumWebDriver\\TestProject3\\bin\\Debug\\net6.0\\fine-code-coverage\\build-output\\TestProject3.dll"}}
TpTrace Verbose: 0 : 13944, 11, 2026/02/11, 16:59:32.360, 3334142361062, vstest.console.dll, TestRunRequest:SendTestRunMessage: Starting.
TpTrace Verbose: 0 : 13944, 11, 2026/02/11, 16:59:32.360, 3334142362848, vstest.console.dll, MulticastDelegateUtilities.SafeInvoke: TestRun.LogMessages: Invoking callback 1/1 for Microsoft.VisualStudio.TestPlatform.CommandLine.TestRunResultAggregator., took 0 ms.
TpTrace Verbose: 0 : 13944, 4, 2026/02/11, 16:59:32.360, 3334142362991, vstest.console.dll, MulticastDelegateUtilities.SafeInvoke: InternalTestLoggerEvents.SendTestRunMessage: Invoking callback 1/1 for Microsoft.VisualStudio.TestPlatform.CommandLine.Internal.ConsoleLogger., took 0 ms.
TpTrace Information: 0 : 13944, 11, 2026/02/11, 16:59:32.360, 3334142364039, vstest.console.dll, TestRunRequest:SendTestRunMessage: Completed.
TpTrace Verbose: 0 : 13944, 11, 2026/02/11, 16:59:32.361, 3334142366023, vstest.console.dll, MulticastDelegateUtilities.SafeInvoke: LengthPrefixCommunicationChannel: MessageReceived: Invoking callback 1/1 for Microsoft.VisualStudio.TestPlatform.CommunicationUtilities.TestRequestSender+<>c__DisplayClass34_0., took 0 ms.
TpTrace Verbose: 0 : 13944, 11, 2026/02/11, 16:59:32.361, 3334142366876, vstest.console.dll, TcpClientExtensions.MessageLoopAsync: Polling on remoteEndPoint: 127.0.0.1:56878 localEndPoint: 127.0.0.1:56877 after 44 ms
TpTrace Verbose: 0 : 13944, 11, 2026/02/11, 16:59:32.613, 3334144894969, vstest.console.dll, TcpClientExtensions.MessageLoopAsync: NotifyDataAvailable remoteEndPoint: 127.0.0.1:56878 localEndPoint: 127.0.0.1:56877
TpTrace Verbose: 0 : 13944, 11, 2026/02/11, 16:59:32.614, 3334144897784, vstest.console.dll, TestRequestSender.OnExecutionMessageReceived: Received message: {"Version":5,"MessageType":"TestSession.Message","Payload":{"MessageLevel":0,"Message":"   NUnit3TestExecutor discovered 1 of 1 NUnit test cases using Current Discovery mode, Non-Explicit run"}}
TpTrace Verbose: 0 : 13944, 11, 2026/02/11, 16:59:32.614, 3334144900476, vstest.console.dll, TestRunRequest:SendTestRunMessage: Starting.
TpTrace Verbose: 0 : 13944, 11, 2026/02/11, 16:59:32.614, 3334144902112, vstest.console.dll, MulticastDelegateUtilities.SafeInvoke: TestRun.LogMessages: Invoking callback 1/1 for Microsoft.VisualStudio.TestPlatform.CommandLine.TestRunResultAggregator., took 0 ms.
TpTrace Verbose: 0 : 13944, 4, 2026/02/11, 16:59:32.614, 3334144902422, vstest.console.dll, MulticastDelegateUtilities.SafeInvoke: InternalTestLoggerEvents.SendTestRunMessage: Invoking callback 1/1 for Microsoft.VisualStudio.TestPlatform.CommandLine.Internal.ConsoleLogger., took 0 ms.
TpTrace Information: 0 : 13944, 11, 2026/02/11, 16:59:32.614, 3334144904101, vstest.console.dll, TestRunRequest:SendTestRunMessage: Completed.
TpTrace Verbose: 0 : 13944, 11, 2026/02/11, 16:59:32.614, 3334144905118, vstest.console.dll, MulticastDelegateUtilities.SafeInvoke: LengthPrefixCommunicationChannel: MessageReceived: Invoking callback 1/1 for Microsoft.VisualStudio.TestPlatform.CommunicationUtilities.TestRequestSender+<>c__DisplayClass34_0., took 0 ms.
TpTrace Verbose: 0 : 13944, 11, 2026/02/11, 16:59:32.615, 3334144905869, vstest.console.dll, TcpClientExtensions.MessageLoopAsync: Polling on remoteEndPoint: 127.0.0.1:56878 localEndPoint: 127.0.0.1:56877 after 253 ms
TpTrace Verbose: 0 : 13944, 11, 2026/02/11, 16:59:33.618, 3334154939295, vstest.console.dll, TcpClientExtensions.MessageLoopAsync: Polling on remoteEndPoint: 127.0.0.1:56878 localEndPoint: 127.0.0.1:56877 after 1003 ms
TpTrace Verbose: 0 : 13944, 11, 2026/02/11, 16:59:33.718, 3334155941874, vstest.console.dll, TcpClientExtensions.MessageLoopAsync: NotifyDataAvailable remoteEndPoint: 127.0.0.1:56878 localEndPoint: 127.0.0.1:56877
TpTrace Verbose: 0 : 13944, 11, 2026/02/11, 16:59:33.718, 3334155944191, vstest.console.dll, TestRequestSender.OnExecutionMessageReceived: Received message: {"Version":5,"MessageType":"TestExecution.StatsChange","Payload":{"NewTestResults":[],"TestRunStatistics":{"ExecutedTests":0,"Stats":{}},"ActiveTests":[{"Id":"baf31619-d4b3-543a-7e37-c04c563785f1","FullyQualifiedName":"TestProject3.WorkingWithDropDown.TestSelectFromDropDown","DisplayName":"TestSelectFromDropDown","ExecutorUri":"executor://NUnit3TestExecutor","Source":"C:\\Users\\TOSHIBA\\source\\repos\\FrontEndAutomation\\5.Workshop-CI-System-with-Selenium-Appium-Tests-I-Resources\\2-SeleniumWebDriver\\TestProject3\\bin\\Debug\\net6.0\\fine-code-coverage\\build-output\\TestProject3.dll","CodeFilePath":null,"LineNumber":0,"Properties":[{"Key":{"Id":"NUnit.Seed","Label":"Seed","Category":"","Description":"","Attributes":0,"ValueType":"System.String"},"Value":"2077686345"}]}]}}
TpTrace Verbose: 0 : 13944, 11, 2026/02/11, 16:59:33.744, 3334156203852, vstest.console.dll, TestRunRequest:SendTestRunStatsChange: Starting.
TpTrace Verbose: 0 : 13944, 11, 2026/02/11, 16:59:33.745, 3334156205768, vstest.console.dll, InProgress is TestSelectFromDropDown
TpTrace Verbose: 0 : 13944, 11, 2026/02/11, 16:59:33.745, 3334156206824, vstest.console.dll, MulticastDelegateUtilities.SafeInvoke: TestRun.RunStatsChanged: Invoking callbacks was skipped because there are no subscribers.
TpTrace Information: 0 : 13944, 11, 2026/02/11, 16:59:33.745, 3334156207274, vstest.console.dll, TestRunRequest:SendTestRunStatsChange: Completed.
TpTrace Verbose: 0 : 13944, 11, 2026/02/11, 16:59:33.745, 3334156207830, vstest.console.dll, MulticastDelegateUtilities.SafeInvoke: LengthPrefixCommunicationChannel: MessageReceived: Invoking callback 1/1 for Microsoft.VisualStudio.TestPlatform.CommunicationUtilities.TestRequestSender+<>c__DisplayClass34_0., took 26 ms.
TpTrace Verbose: 0 : 13944, 11, 2026/02/11, 16:59:33.745, 3334156208374, vstest.console.dll, TcpClientExtensions.MessageLoopAsync: Polling on remoteEndPoint: 127.0.0.1:56878 localEndPoint: 127.0.0.1:56877 after 126 ms
TpTrace Verbose: 0 : 13944, 11, 2026/02/11, 16:59:34.757, 3334166329873, vstest.console.dll, TcpClientExtensions.MessageLoopAsync: Polling on remoteEndPoint: 127.0.0.1:56878 localEndPoint: 127.0.0.1:56877 after 1012 ms
TpTrace Verbose: 0 : 13944, 11, 2026/02/11, 16:59:35.770, 3334176462837, vstest.console.dll, TcpClientExtensions.MessageLoopAsync: Polling on remoteEndPoint: 127.0.0.1:56878 localEndPoint: 127.0.0.1:56877 after 1012 ms
TpTrace Verbose: 0 : 13944, 11, 2026/02/11, 16:59:36.783, 3334186587915, vstest.console.dll, TcpClientExtensions.MessageLoopAsync: Polling on remoteEndPoint: 127.0.0.1:56878 localEndPoint: 127.0.0.1:56877 after 1012 ms
TpTrace Verbose: 0 : 13944, 11, 2026/02/11, 16:59:37.787, 3334196630623, vstest.console.dll, TcpClientExtensions.MessageLoopAsync: Polling on remoteEndPoint: 127.0.0.1:56878 localEndPoint: 127.0.0.1:56877 after 1003 ms
TpTrace Verbose: 0 : 13944, 11, 2026/02/11, 16:59:38.796, 3334206721889, vstest.console.dll, TcpClientExtensions.MessageLoopAsync: Polling on remoteEndPoint: 127.0.0.1:56878 localEndPoint: 127.0.0.1:56877 after 1008 ms
TpTrace Verbose: 0 : 13944, 11, 2026/02/11, 16:59:39.805, 3334216808737, vstest.console.dll, TcpClientExtensions.MessageLoopAsync: Polling on remoteEndPoint: 127.0.0.1:56878 localEndPoint: 127.0.0.1:56877 after 1008 ms
TpTrace Verbose: 0 : 13944, 11, 2026/02/11, 16:59:40.809, 3334226847531, vstest.console.dll, TcpClientExtensions.MessageLoopAsync: Polling on remoteEndPoint: 127.0.0.1:56878 localEndPoint: 127.0.0.1:56877 after 1003 ms
TpTrace Verbose: 0 : 13944, 11, 2026/02/11, 16:59:41.011, 3334228866242, vstest.console.dll, TcpClientExtensions.MessageLoopAsync: NotifyDataAvailable remoteEndPoint: 127.0.0.1:56878 localEndPoint: 127.0.0.1:56877
TpTrace Verbose: 0 : 13944, 11, 2026/02/11, 16:59:41.011, 3334228868431, vstest.console.dll, TestRequestSender.OnExecutionMessageReceived: Received message: {"Version":5,"MessageType":"TestSession.Message","Payload":{"MessageLevel":0,"Message":"NUnit Adapter 4.2.0.0: Test execution complete"}}
TpTrace Verbose: 0 : 13944, 11, 2026/02/11, 16:59:41.011, 3334228872205, vstest.console.dll, TestRunRequest:SendTestRunMessage: Starting.
TpTrace Verbose: 0 : 13944, 11, 2026/02/11, 16:59:41.011, 3334228874096, vstest.console.dll, MulticastDelegateUtilities.SafeInvoke: TestRun.LogMessages: Invoking callback 1/1 for Microsoft.VisualStudio.TestPlatform.CommandLine.TestRunResultAggregator., took 0 ms.
TpTrace Information: 0 : 13944, 11, 2026/02/11, 16:59:41.012, 3334228875421, vstest.console.dll, TestRunRequest:SendTestRunMessage: Completed.
TpTrace Verbose: 0 : 13944, 11, 2026/02/11, 16:59:41.012, 3334228876151, vstest.console.dll, MulticastDelegateUtilities.SafeInvoke: LengthPrefixCommunicationChannel: MessageReceived: Invoking callback 1/1 for Microsoft.VisualStudio.TestPlatform.CommunicationUtilities.TestRequestSender+<>c__DisplayClass34_0., took 0 ms.
TpTrace Verbose: 0 : 13944, 11, 2026/02/11, 16:59:41.012, 3334228876779, vstest.console.dll, TcpClientExtensions.MessageLoopAsync: Polling on remoteEndPoint: 127.0.0.1:56878 localEndPoint: 127.0.0.1:56877 after 202 ms
TpTrace Verbose: 0 : 13944, 4, 2026/02/11, 16:59:41.012, 3334228882026, vstest.console.dll, MulticastDelegateUtilities.SafeInvoke: InternalTestLoggerEvents.SendTestRunMessage: Invoking callback 1/1 for Microsoft.VisualStudio.TestPlatform.CommandLine.Internal.ConsoleLogger., took 0 ms.
TpTrace Verbose: 0 : 13944, 11, 2026/02/11, 16:59:41.056, 3334229318094, vstest.console.dll, TcpClientExtensions.MessageLoopAsync: NotifyDataAvailable remoteEndPoint: 127.0.0.1:56878 localEndPoint: 127.0.0.1:56877
TpTrace Verbose: 0 : 13944, 11, 2026/02/11, 16:59:41.056, 3334229320294, vstest.console.dll, TestRequestSender.OnExecutionMessageReceived: Received message: {"Version":5,"MessageType":"TestExecution.Completed","Payload":{"TestRunCompleteArgs":{"TestRunStatistics":{"ExecutedTests":1,"Stats":{"Failed":1}},"IsCanceled":false,"IsAborted":false,"Error":null,"AttachmentSets":[],"ElapsedTimeInRunningTests":"00:00:08.7441759","Metrics":{}},"LastRunTests":{"NewTestResults":[{"TestCase":{"Id":"baf31619-d4b3-543a-7e37-c04c563785f1","FullyQualifiedName":"TestProject3.WorkingWithDropDown.TestSelectFromDropDown","DisplayName":"TestSelectFromDropDown","ExecutorUri":"executor://NUnit3TestExecutor","Source":"C:\\Users\\TOSHIBA\\source\\repos\\FrontEndAutomation\\5.Workshop-CI-System-with-Selenium-Appium-Tests-I-Resources\\2-SeleniumWebDriver\\TestProject3\\bin\\Debug\\net6.0\\fine-code-coverage\\build-output\\TestProject3.dll","CodeFilePath":null,"LineNumber":0,"Properties":[{"Key":{"Id":"NUnit.Seed","Label":"Seed","Category":"","Description":"","Attributes":0,"ValueType":"System.String"},"Value":"2077686345"}]},"Attachments":[],"Outcome":2,"ErrorMessage":"OpenQA.Selenium.NoSuchWindowException : no such window: target window already closed\r\nfrom unknown error: web view not found\r\n  (Session info: chrome=144.0.7559.133)","ErrorStackTrace":"   at OpenQA.Selenium.WebDriver.UnpackAndThrowOnError(Response errorResponse, String commandToExecute)\r\n   at OpenQA.Selenium.WebDriver.ExecuteAsync(String driverCommandToExecute, Dictionary`2 parameters)\r\n   at OpenQA.Selenium.WebDriver.Execute(String driverCommandToExecute, Dictionary`2 parameters)\r\n   at OpenQA.Selenium.WebDriver.FindElement(String mechanism, String value)\r\n   at OpenQA.Selenium.By.<.ctor>b__6_0(ISearchContext context)\r\n   at OpenQA.Selenium.By.FindElement(ISearchContext context)\r\n   at OpenQA.Selenium.WebDriver.FindElement(By by)\r\n   at TestProject3.WorkingWithDropDown.TestSelectFromDropDown() in C:\\Users\\TOSHIBA\\source\\repos\\FrontEndAutomation\\5.Workshop-CI-System-with-Selenium-Appium-Tests-I-Resources\\2-SeleniumWebDriver\\TestProject3\\DropDown.cs:line 41","DisplayName":"TestSelectFromDropDown","Messages":[],"ComputerName":"DESKTOP-D6DHFFL","Duration":"00:00:08.2855300","StartTime":"2026-02-11T14:59:32.6506268+00:00","EndTime":"2026-02-11T14:59:40.9359515+00:00","Properties":[{"Key":{"Id":"NUnit.Seed","Label":"Seed","Category":"","Description":"","Attributes":0,"ValueType":"System.String"},"Value":"2077686345"}]}],"TestRunStatistics":{"ExecutedTests":1,"Stats":{"Failed":1}},"ActiveTests":[]},"RunAttachments":[],"ExecutorUris":["executor://nunit3testexecutor/"]}}
TpTrace Verbose: 0 : 13944, 11, 2026/02/11, 16:59:41.056, 3334229322158, vstest.console.dll, TestRequestSender.EndSession: Sending end session.
TpTrace Verbose: 0 : 13944, 11, 2026/02/11, 16:59:41.057, 3334229325110, vstest.console.dll, ProxyOperationManager.Close: waiting for test host to exit for 100 ms
TpTrace Warning: 0 : 13944, 11, 2026/02/11, 16:59:41.159, 3334230347694, vstest.console.dll, ProxyOperationManager: Timed out waiting for test host to exit. Will terminate process.
TpTrace Information: 0 : 13944, 11, 2026/02/11, 16:59:41.159, 3334230350171, vstest.console.dll, SocketServer.Stop: Stop server endPoint: 127.0.0.1:56877
TpTrace Information: 0 : 13944, 11, 2026/02/11, 16:59:41.159, 3334230351332, vstest.console.dll, SocketServer.Stop: Cancellation requested. Stopping message loop.
TpTrace Information: 0 : 13944, 11, 2026/02/11, 16:59:41.159, 3334230353651, vstest.console.dll, Closing the connection
TpTrace Verbose: 0 : 13944, 11, 2026/02/11, 16:59:41.234, 3334231099493, vstest.console.dll, TestHostProvider.ExitCallBack: Host exited starting callback.
TpTrace Information: 0 : 13944, 11, 2026/02/11, 16:59:41.234, 3334231104352, vstest.console.dll, TestHostManagerCallbacks.ExitCallBack: Testhost processId: 10988 exited with exitcode: 0 error: ''
TpTrace Verbose: 0 : 13944, 11, 2026/02/11, 16:59:41.235, 3334231105471, vstest.console.dll, DotnetTestHostManager.OnHostExited: invoking OnHostExited callback
TpTrace Verbose: 0 : 13944, 11, 2026/02/11, 16:59:41.235, 3334231106767, vstest.console.dll, CrossPlatEngine.TestHostManagerHostExited: calling on client process exit callback.
TpTrace Information: 0 : 13944, 11, 2026/02/11, 16:59:41.235, 3334231109987, vstest.console.dll, TestRequestSender.OnClientProcessExit: Test host process exited. Standard error: 
TpTrace Information: 0 : 13944, 11, 2026/02/11, 16:59:41.235, 3334231111145, vstest.console.dll, SocketServer.Stop: Stop server endPoint: 127.0.0.1:56877
TpTrace Information: 0 : 13944, 11, 2026/02/11, 16:59:41.235, 3334231111730, vstest.console.dll, SocketServer.Stop: Cancellation requested. Stopping message loop.
TpTrace Verbose: 0 : 13944, 11, 2026/02/11, 16:59:41.235, 3334231112548, vstest.console.dll, MulticastDelegateUtilities.SafeInvoke: HostProviderEvents.OnHostExited: Invoking callback 1/1 for Microsoft.VisualStudio.TestPlatform.CrossPlatEngine.Client.ProxyOperationManager., took 0 ms.
TpTrace Verbose: 0 : 13944, 11, 2026/02/11, 16:59:41.236, 3334231122439, vstest.console.dll, ProxyDataCollectionManager.InvokeDataCollectionServiceAction: Starting.
TpTrace Information: 0 : 13944, 11, 2026/02/11, 16:59:41.236, 3334231123427, vstest.console.dll, ProxyDataCollectionManager.AfterTestRunEnd: Get attachment set and invoked data collectors processId: 10260 port: 56874
TpTrace Verbose: 0 : 13944, 11, 2026/02/11, 16:59:41.236, 3334231124099, vstest.console.dll, DataCollectionRequestSender.SendAfterTestRunStartAndGetResult: Send AfterTestRunEnd message with isCancelled: False
TpTrace Verbose: 0 : 13944, 11, 2026/02/11, 16:59:41.248, 3334231238564, vstest.console.dll, DataCollectionRequestSender.SendAfterTestRunStartAndGetResult: Received message: (DataCollection.AfterTestRunEndResult) -> {"MessageType":"DataCollection.AfterTestRunEndResult","Payload":{"AttachmentSets":[],"InvokedDataCollectors":[{"Uri":"datacollector://Microsoft/TestPlatform/Extensions/Blame/v1","FriendlyName":"Blame","AssemblyQualifiedName":"Microsoft.TestPlatform.Extensions.BlameDataCollector.BlameCollector, Microsoft.TestPlatform.Extensions.BlameDataCollector, Version=15.0.0.0, Culture=neutral, PublicKeyToken=b03f5f7f11d50a3a","FilePath":"C:\\Program Files\\dotnet\\sdk\\9.0.100\\Extensions\\Microsoft.TestPlatform.Extensions.BlameDataCollector.dll","HasAttachmentProcessor":false}],"Metrics":{}}}
TpTrace Information: 0 : 13944, 11, 2026/02/11, 16:59:41.256, 3334231319613, vstest.console.dll, ProxyDataCollectionManager.InvokeDataCollectionServiceAction: Completed.
TpTrace Warning: 0 : 13944, 10, 2026/02/11, 16:59:41.266, 3334231418813, vstest.console.dll, DataCollectionLauncher.ErrorReceivedCallback datacollector standard error line: 
TpTrace Information: 0 : 13944, 10, 2026/02/11, 16:59:41.284, 3334231597062, vstest.console.dll, DataCollectionLauncher.ExitCallBack: Data collector exited with exitcode: 0 error: ''
TpTrace Verbose: 0 : 13944, 11, 2026/02/11, 16:59:41.518, 3334233939652, vstest.console.dll, TestRunRequest:SendTestRunStatsChange: Starting.
TpTrace Verbose: 0 : 13944, 11, 2026/02/11, 16:59:41.518, 3334233943213, vstest.console.dll, MulticastDelegateUtilities.SafeInvoke: TestRun.RunStatsChanged: Invoking callbacks was skipped because there are no subscribers.
TpTrace Information: 0 : 13944, 11, 2026/02/11, 16:59:41.518, 3334233944099, vstest.console.dll, TestRunRequest:SendTestRunStatsChange: Completed.
TpTrace Verbose: 0 : 13944, 11, 2026/02/11, 16:59:41.519, 3334233948426, vstest.console.dll, ParallelProxyExecutionManager: HandlePartialRunComplete: Total workloads = 1, Total started clients = 1 Total completed clients = 1, Run complete = True, Run canceled: False.
TpTrace Verbose: 0 : 13944, 11, 2026/02/11, 16:59:41.519, 3334233949438, vstest.console.dll, ParallelProxyExecutionManager: HandlePartialRunComplete: All runs completed stopping all managers.
TpTrace Verbose: 0 : 13944, 11, 2026/02/11, 16:59:41.519, 3334233950337, vstest.console.dll, ParallelOperationManager.StopAllManagers: Stopping all managers.
TpTrace Verbose: 0 : 13944, 11, 2026/02/11, 16:59:41.519, 3334233951110, vstest.console.dll, ParallelOperationManager.ClearSlots: Clearing all slots. Slots should accept more work: False
TpTrace Verbose: 0 : 13944, 11, 2026/02/11, 16:59:41.519, 3334233952233, vstest.console.dll, ParallelOperationManager.SetOccupiedSlotCount: Setting slot counts AvailableSlotCount = 1, OccupiedSlotCount = 0.
TpTrace Verbose: 0 : 13944, 11, 2026/02/11, 16:59:41.519, 3334233953289, vstest.console.dll, Occupied slots:

TpTrace Verbose: 0 : 13944, 4, 2026/02/11, 16:59:41.523, 3334233990331, vstest.console.dll, MulticastDelegateUtilities.SafeInvoke: InternalTestLoggerEvents.SendTestResult: Invoking callback 1/1 for Microsoft.VisualStudio.TestPlatform.CommandLine.Internal.ConsoleLogger., took 4 ms.
TpTrace Verbose: 0 : 13944, 4, 2026/02/11, 16:59:41.540, 3334234163265, vstest.console.dll, MulticastDelegateUtilities.SafeInvoke: InternalTestLoggerEvents.SendTestRunComplete: Invoking callback 1/2 for Microsoft.TestPlatform.Extensions.BlameDataCollector.BlameLogger., took 0 ms.
TpTrace Verbose: 0 : 13944, 4, 2026/02/11, 16:59:41.549, 3334234249286, vstest.console.dll, MulticastDelegateUtilities.SafeInvoke: InternalTestLoggerEvents.SendTestRunComplete: Invoking callback 2/2 for Microsoft.VisualStudio.TestPlatform.CommandLine.Internal.ConsoleLogger., took 8 ms.
TpTrace Verbose: 0 : 13944, 11, 2026/02/11, 16:59:41.550, 3334234255224, vstest.console.dll, TestRunRequest:TestRunComplete: Starting. IsAborted:False IsCanceled:False.
TpTrace Verbose: 0 : 13944, 11, 2026/02/11, 16:59:41.550, 3334234258119, vstest.console.dll, ParallelOperationManager.DoActionOnAllManagers: Calling an action on all managers.
TpTrace Verbose: 0 : 13944, 11, 2026/02/11, 16:59:41.552, 3334234276771, vstest.console.dll, TestLoggerManager.HandleTestRunComplete: Ignoring as the object is disposed.
TpTrace Verbose: 0 : 13944, 11, 2026/02/11, 16:59:41.552, 3334234279890, vstest.console.dll, MulticastDelegateUtilities.SafeInvoke: TestRun.TestRunComplete: Invoking callback 1/2 for Microsoft.VisualStudio.TestPlatform.CommandLine.TestRunResultAggregator., took 0 ms.
TpTrace Verbose: 0 : 13944, 11, 2026/02/11, 16:59:41.552, 3334234281169, vstest.console.dll, MulticastDelegateUtilities.SafeInvoke: TestRun.TestRunComplete: Invoking callback 2/2 for Microsoft.VisualStudio.TestPlatform.CommandLine.Processors.RunTestsArgumentExecutor+TestRunRequestEventsRegistrar., took 0 ms.
TpTrace Information: 0 : 13944, 11, 2026/02/11, 16:59:41.552, 3334234282524, vstest.console.dll, TestRunRequest:TestRunComplete: Completed.
TpTrace Verbose: 0 : 13944, 1, 2026/02/11, 16:59:41.552, 3334234282796, vstest.console.dll, TestRunRequest.Dispose: Starting.
TpTrace Verbose: 0 : 13944, 11, 2026/02/11, 16:59:41.552, 3334234283826, vstest.console.dll, TestRequestSender.SetOperationComplete: Setting operation complete.
TpTrace Information: 0 : 13944, 1, 2026/02/11, 16:59:41.552, 3334234283929, vstest.console.dll, TestRunRequest.Dispose: Completed.
TpTrace Information: 0 : 13944, 11, 2026/02/11, 16:59:41.552, 3334234284564, vstest.console.dll, SocketServer.Stop: Stop server endPoint: 127.0.0.1:56877
TpTrace Information: 0 : 13944, 1, 2026/02/11, 16:59:41.553, 3334234285459, vstest.console.dll, TestRequestManager.RunTests: run tests completed.
TpTrace Information: 0 : 13944, 11, 2026/02/11, 16:59:41.553, 3334234286223, vstest.console.dll, SocketServer.Stop: Cancellation requested. Stopping message loop.
TpTrace Verbose: 0 : 13944, 11, 2026/02/11, 16:59:41.553, 3334234286908, vstest.console.dll, MulticastDelegateUtilities.SafeInvoke: LengthPrefixCommunicationChannel: MessageReceived: Invoking callback 1/1 for Microsoft.VisualStudio.TestPlatform.CommunicationUtilities.TestRequestSender+<>c__DisplayClass34_0., took 496 ms.
TpTrace Information: 0 : 13944, 1, 2026/02/11, 16:59:41.553, 3334234286955, vstest.console.dll, RunTestsArgumentProcessor:Execute: Test run is completed.
TpTrace Information: 0 : 13944, 11, 2026/02/11, 16:59:41.553, 3334234288082, vstest.console.dll, SocketServer.PrivateStop: Stopping server endPoint: 127.0.0.1:56877 error: 
TpTrace Verbose: 0 : 13944, 1, 2026/02/11, 16:59:41.553, 3334234291883, vstest.console.dll, Executor.Execute: Exiting with exit code of 1
TpTrace Verbose: 0 : 13944, 11, 2026/02/11, 16:59:41.553, 3334234294362, vstest.console.dll, LengthPrefixCommunicationChannel.Dispose: Dispose reader and writer.
TpTrace Information: 0 : 13944, 11, 2026/02/11, 16:59:41.554, 3334234295781, vstest.console.dll, SocketServer.Stop: Raise disconnected event endPoint: 127.0.0.1:56877 error: 
TpTrace Verbose: 0 : 13944, 11, 2026/02/11, 16:59:41.554, 3334234297050, vstest.console.dll, TestRequestSender: OnTestRunAbort: Operation is already complete. Skip error message.
TpTrace Verbose: 0 : 13944, 11, 2026/02/11, 16:59:41.554, 3334234297818, vstest.console.dll, MulticastDelegateUtilities.SafeInvoke: SocketServer: ClientDisconnected: Invoking callback 1/1 for Microsoft.VisualStudio.TestPlatform.CommunicationUtilities.TestRequestSender., took 0 ms.
TpTrace Verbose: 0 : 13944, 11, 2026/02/11, 16:59:41.554, 3334234298352, vstest.console.dll, TcpClientExtensions.MessageLoopAsync: exiting MessageLoopAsync remoteEndPoint: 127.0.0.1:56878 localEndPoint: 127.0.0.1:56877
